\BOOKMARK [0][-]{chapter.1}{Introducci\363n}{}% 1
\BOOKMARK [1][-]{section.1.1}{Motivaci\363n}{chapter.1}% 2
\BOOKMARK [1][-]{section.1.2}{Definici\363n de conceptos}{chapter.1}% 3
\BOOKMARK [1][-]{section.1.3}{Nomenclatura}{chapter.1}% 4
\BOOKMARK [1][-]{section.1.4}{Planteamiento del problema}{chapter.1}% 5
\BOOKMARK [1][-]{section.1.5}{Objetivos}{chapter.1}% 6
\BOOKMARK [1][-]{section.1.6}{Datos a analizar}{chapter.1}% 7
\BOOKMARK [0][-]{chapter.2}{Extracci\363n de datos}{}% 8
\BOOKMARK [1][-]{section.2.1}{Extracci\363n de informaci\363n con la aplicaci\363n SelectorGadget}{chapter.2}% 9
\BOOKMARK [1][-]{section.2.2}{Estructura de las p\341ginas web}{chapter.2}% 10
\BOOKMARK [1][-]{section.2.3}{Tipos de grupos de las p\341ginas web de la Facultad de Ciencias}{chapter.2}% 11
\BOOKMARK [1][-]{section.2.4}{Limpieza de base de datos}{chapter.2}% 12
\BOOKMARK [2][-]{subsection.2.4.1}{Problemas de falta de informaci\363n}{section.2.4}% 13
\BOOKMARK [2][-]{subsection.2.4.2}{Problemas de informaci\363n repetida}{section.2.4}% 14
\BOOKMARK [2][-]{subsection.2.4.3}{Otros problemas al extraer informaci\363n}{section.2.4}% 15
\BOOKMARK [1][-]{section.2.5}{Matrices de datos}{chapter.2}% 16
\BOOKMARK [0][-]{chapter.3}{An\341lisis estad\355stico}{}% 17
\BOOKMARK [1][-]{section.3.1}{An\341lisis estad\355stico b\341sico}{chapter.3}% 18
\BOOKMARK [1][-]{section.3.2}{An\341lisis estad\355stico por grupo de datos}{chapter.3}% 19
\BOOKMARK [1][-]{section.3.3}{Distribuci\363n del tama\361o de los grupos}{chapter.3}% 20
\BOOKMARK [1][-]{section.3.4}{Comportamientos por hora}{chapter.3}% 21
\BOOKMARK [0][-]{chapter.4}{Simulaci\363n}{}% 22
\BOOKMARK [1][-]{section.4.1}{Funciones hechas en R}{chapter.4}% 23
\BOOKMARK [1][-]{section.4.2}{Obtenci\363n de los par\341metros q1 y q2}{chapter.4}% 24
\BOOKMARK [1][-]{section.4.3}{Simulaci\363n de la demanda de alumnos}{chapter.4}% 25
\BOOKMARK [1][-]{section.4.4}{Obtenci\363n de informaci\363n para solicitudes}{chapter.4}% 26
\BOOKMARK [1][-]{section.4.5}{Simulaci\363n de solicitudes de profesores oculta y pseudo-real}{chapter.4}% 27
\BOOKMARK [1][-]{section.4.6}{Simulaci\363n de tama\361o de grupos}{chapter.4}% 28
\BOOKMARK [1][-]{section.4.7}{Simulaci\363n de esqueletos}{chapter.4}% 29
\BOOKMARK [1][-]{section.4.8}{Calificaci\363n de esqueletos de horario}{chapter.4}% 30
\BOOKMARK [1][-]{section.4.9}{Generaci\363n de asignaciones}{chapter.4}% 31
\BOOKMARK [2][-]{subsection.4.9.1}{Calificaci\363n de asignaciones de grupo}{section.4.9}% 32
\BOOKMARK [0][-]{chapter.5}{Teor\355a del Algoritmo Gen\351tico aplicado a los horarios}{}% 33
\BOOKMARK [1][-]{section.5.1}{Ciclo de la evoluci\363n natural}{chapter.5}% 34
\BOOKMARK [2][-]{subsection.5.1.1}{Selecci\363n}{section.5.1}% 35
\BOOKMARK [2][-]{subsection.5.1.2}{Cruce}{section.5.1}% 36
\BOOKMARK [2][-]{subsection.5.1.3}{Mutaci\363n}{section.5.1}% 37
\BOOKMARK [2][-]{subsection.5.1.4}{Reemplazamiento}{section.5.1}% 38
\BOOKMARK [1][-]{section.5.2}{Algoritmo Gen\351tico aplicado a la generaci\363n de esqueletos de horario}{chapter.5}% 39
\BOOKMARK [1][-]{section.5.3}{Algoritmo Gen\351tico aplicado a la generaci\363n de asignaciones de grupos}{chapter.5}% 40
\BOOKMARK [0][-]{chapter.6}{Resultados del Algoritmo Gen\351tico}{}% 41
\BOOKMARK [0][-]{chapter.7}{Comportamiento de la selecci\363n}{}% 42
\BOOKMARK [0][-]{chapter.8}{Conclusiones}{}% 43
\BOOKMARK [0][-]{chapter*.5}{Ap\351ndices}{}% 44
\BOOKMARK [1][-]{section.8.1}{Observaciones / Notas}{chapter*.5}% 45
\BOOKMARK [1][-]{section.8.2}{Resultados \372tiles}{chapter*.5}% 46
\BOOKMARK [1][-]{section.8.3}{Abreviaturas}{chapter*.5}% 47
