This is pdfTeX, Version 3.14159265-2.6-1.40.21 (MiKTeX 2.9.7300 64-bit) (preloaded format=pdflatex 2020.3.6)  30 DEC 2020 12:49
entering extended mode
**./main.tex
(main.tex
LaTeX2e <2020-02-02> patch level 2
L3 programming layer <2020-02-14>
("C:\Users\miri_\AppData\Local\Programs\MiKTeX 2.9\tex/latex/base\book.cls"
Document Class: book 2019/12/20 v1.4l Standard LaTeX document class
("C:\Users\miri_\AppData\Local\Programs\MiKTeX 2.9\tex/latex/base\bk12.clo"
File: bk12.clo 2019/12/20 v1.4l Standard LaTeX file (size option)
)
\c@part=\count167
\c@chapter=\count168
\c@section=\count169
\c@subsection=\count170
\c@subsubsection=\count171
\c@paragraph=\count172
\c@subparagraph=\count173
\c@figure=\count174
\c@table=\count175
\abovecaptionskip=\skip47
\belowcaptionskip=\skip48
\bibindent=\dimen134
)
("C:\Users\miri_\AppData\Local\Programs\MiKTeX 2.9\tex/latex/base\inputenc.sty"
Package: inputenc 2018/08/11 v1.3c Input encoding file
\inpenc@prehook=\toks14
\inpenc@posthook=\toks15
) ("C:\Users\miri_\AppData\Local\Programs\MiKTeX 2.9\tex/latex/base\fontenc.sty
"
Package: fontenc 2020/02/11 v2.0o Standard LaTeX package
)
("C:\Users\miri_\AppData\Local\Programs\MiKTeX 2.9\tex/generic/babel\babel.sty"
Package: babel 2020/02/14 3.40 The Babel package
("C:\Users\miri_\AppData\Local\Programs\MiKTeX 2.9\tex/generic/babel\switch.def
"
File: switch.def 2020/02/14 3.40 Babel switching mechanism
)
*************************************
* Local config file bblopts.cfg used
*
("C:\Users\miri_\AppData\Local\Programs\MiKTeX 2.9\tex/latex/arabi\bblopts.cfg"
File: bblopts.cfg 2005/09/08 v0.1 add Arabic and Farsi to "declared" options of
 babel
)
("C:\Users\miri_\AppData\Local\Programs\MiKTeX 2.9\tex/latex/babel-spanish\span
ish.ldf"
Language: spanish.ldf 2016/03/03 v5.0p Spanish support from the babel system

("C:\Users\miri_\AppData\Local\Programs\MiKTeX 2.9\tex/generic/babel\babel.def"
File: babel.def 2020/02/14 3.40 Babel common definitions
\babel@savecnt=\count176
\U@D=\dimen135

("C:\Users\miri_\AppData\Local\Programs\MiKTeX 2.9\tex/generic/babel\txtbabel.d
ef")
\bbl@readstream=\read2
\bbl@dirlevel=\count177
)
\es@quottoks=\toks16
\es@quotdepth=\count178
Package babel Info: Making " an active character on input line 561.
))
("C:\Users\miri_\AppData\Local\Programs\MiKTeX 2.9\tex/latex/amsmath\amsmath.st
y"
Package: amsmath 2020/01/20 v2.17e AMS math features
\@mathmargin=\skip49

For additional information on amsmath, use the `?' option.

("C:\Users\miri_\AppData\Local\Programs\MiKTeX 2.9\tex/latex/amsmath\amstext.st
y"
Package: amstext 2000/06/29 v2.01 AMS text

("C:\Users\miri_\AppData\Local\Programs\MiKTeX 2.9\tex/latex/amsmath\amsgen.sty
"
File: amsgen.sty 1999/11/30 v2.0 generic functions
\@emptytoks=\toks17
\ex@=\dimen136
))
("C:\Users\miri_\AppData\Local\Programs\MiKTeX 2.9\tex/latex/amsmath\amsbsy.sty
"
Package: amsbsy 1999/11/29 v1.2d Bold Symbols
\pmbraise@=\dimen137
)
("C:\Users\miri_\AppData\Local\Programs\MiKTeX 2.9\tex/latex/amsmath\amsopn.sty
"
Package: amsopn 2016/03/08 v2.02 operator names
)
\inf@bad=\count179
LaTeX Info: Redefining \frac on input line 227.
\uproot@=\count180
\leftroot@=\count181
LaTeX Info: Redefining \overline on input line 389.
\classnum@=\count182
\DOTSCASE@=\count183
LaTeX Info: Redefining \ldots on input line 486.
LaTeX Info: Redefining \dots on input line 489.
LaTeX Info: Redefining \cdots on input line 610.
\Mathstrutbox@=\box45
\strutbox@=\box46
\big@size=\dimen138
LaTeX Font Info:    Redeclaring font encoding OML on input line 733.
LaTeX Font Info:    Redeclaring font encoding OMS on input line 734.
\macc@depth=\count184
\c@MaxMatrixCols=\count185
\dotsspace@=\muskip16
\c@parentequation=\count186
\dspbrk@lvl=\count187
\tag@help=\toks18
\row@=\count188
\column@=\count189
\maxfields@=\count190
\andhelp@=\toks19
\eqnshift@=\dimen139
\alignsep@=\dimen140
\tagshift@=\dimen141
\tagwidth@=\dimen142
\totwidth@=\dimen143
\lineht@=\dimen144
\@envbody=\toks20
\multlinegap=\skip50
\multlinetaggap=\skip51
\mathdisplay@stack=\toks21
LaTeX Info: Redefining \[ on input line 2859.
LaTeX Info: Redefining \] on input line 2860.
)
("C:\Users\miri_\AppData\Local\Programs\MiKTeX 2.9\tex/latex/amsfonts\amssymb.s
ty"
Package: amssymb 2013/01/14 v3.01 AMS font symbols

("C:\Users\miri_\AppData\Local\Programs\MiKTeX 2.9\tex/latex/amsfonts\amsfonts.
sty"
Package: amsfonts 2013/01/14 v3.01 Basic AMSFonts support
\symAMSa=\mathgroup4
\symAMSb=\mathgroup5
LaTeX Font Info:    Redeclaring math symbol \hbar on input line 98.
LaTeX Font Info:    Overwriting math alphabet `\mathfrak' in version `bold'
(Font)                  U/euf/m/n --> U/euf/b/n on input line 106.
))
("C:\Users\miri_\AppData\Local\Programs\MiKTeX 2.9\tex/latex/base\latexsym.sty"
Package: latexsym 1998/08/17 v2.2e Standard LaTeX package (lasy symbols)
\symlasy=\mathgroup6
LaTeX Font Info:    Overwriting symbol font `lasy' in version `bold'
(Font)                  U/lasy/m/n --> U/lasy/b/n on input line 52.
)
("C:\Users\miri_\AppData\Local\Programs\MiKTeX 2.9\tex/latex/psnfss\mathptmx.st
y"
Package: mathptmx 2005/04/12 PSNFSS-v9.2a Times w/ Math, improved (SPQR, WaS) 
LaTeX Font Info:    Redeclaring symbol font `operators' on input line 28.
LaTeX Font Info:    Overwriting symbol font `operators' in version `normal'
(Font)                  OT1/cmr/m/n --> OT1/ztmcm/m/n on input line 28.
LaTeX Font Info:    Overwriting symbol font `operators' in version `bold'
(Font)                  OT1/cmr/bx/n --> OT1/ztmcm/m/n on input line 28.
LaTeX Font Info:    Redeclaring symbol font `letters' on input line 29.
LaTeX Font Info:    Overwriting symbol font `letters' in version `normal'
(Font)                  OML/cmm/m/it --> OML/ztmcm/m/it on input line 29.
LaTeX Font Info:    Overwriting symbol font `letters' in version `bold'
(Font)                  OML/cmm/b/it --> OML/ztmcm/m/it on input line 29.
LaTeX Font Info:    Redeclaring symbol font `symbols' on input line 30.
LaTeX Font Info:    Overwriting symbol font `symbols' in version `normal'
(Font)                  OMS/cmsy/m/n --> OMS/ztmcm/m/n on input line 30.
LaTeX Font Info:    Overwriting symbol font `symbols' in version `bold'
(Font)                  OMS/cmsy/b/n --> OMS/ztmcm/m/n on input line 30.
LaTeX Font Info:    Redeclaring symbol font `largesymbols' on input line 31.
LaTeX Font Info:    Overwriting symbol font `largesymbols' in version `normal'
(Font)                  OMX/cmex/m/n --> OMX/ztmcm/m/n on input line 31.
LaTeX Font Info:    Overwriting symbol font `largesymbols' in version `bold'
(Font)                  OMX/cmex/m/n --> OMX/ztmcm/m/n on input line 31.
\symbold=\mathgroup7
\symitalic=\mathgroup8
LaTeX Font Info:    Redeclaring math alphabet \mathbf on input line 34.
LaTeX Font Info:    Overwriting math alphabet `\mathbf' in version `normal'
(Font)                  OT1/cmr/bx/n --> OT1/ptm/bx/n on input line 34.
LaTeX Font Info:    Overwriting math alphabet `\mathbf' in version `bold'
(Font)                  OT1/cmr/bx/n --> OT1/ptm/bx/n on input line 34.
LaTeX Font Info:    Redeclaring math alphabet \mathit on input line 35.
LaTeX Font Info:    Overwriting math alphabet `\mathit' in version `normal'
(Font)                  OT1/cmr/m/it --> OT1/ptm/m/it on input line 35.
LaTeX Font Info:    Overwriting math alphabet `\mathit' in version `bold'
(Font)                  OT1/cmr/bx/it --> OT1/ptm/m/it on input line 35.
LaTeX Info: Redefining \hbar on input line 50.
)
("C:\Users\miri_\AppData\Local\Programs\MiKTeX 2.9\tex/latex/amscls\amsthm.sty"
Package: amsthm 2017/10/31 v2.20.4
\thm@style=\toks22
\thm@bodyfont=\toks23
\thm@headfont=\toks24
\thm@notefont=\toks25
\thm@headpunct=\toks26
\thm@preskip=\skip52
\thm@postskip=\skip53
\thm@headsep=\skip54
\dth@everypar=\toks27
)
("C:\Users\miri_\AppData\Local\Programs\MiKTeX 2.9\tex/latex/jknappen\mathrsfs.
sty"
Package: mathrsfs 1996/01/01 Math RSFS package v1.0 (jk)
\symrsfs=\mathgroup9
)
("C:\Users\miri_\AppData\Local\Programs\MiKTeX 2.9\tex/latex/mathtools\mathtool
s.sty"
Package: mathtools 2020/01/17 v1.23 mathematical typesetting tools

("C:\Users\miri_\AppData\Local\Programs\MiKTeX 2.9\tex/latex/graphics\keyval.st
y"
Package: keyval 2014/10/28 v1.15 key=value parser (DPC)
\KV@toks@=\toks28
) ("C:\Users\miri_\AppData\Local\Programs\MiKTeX 2.9\tex/latex/tools\calc.sty"
Package: calc 2017/05/25 v4.3 Infix arithmetic (KKT,FJ)
\calc@Acount=\count191
\calc@Bcount=\count192
\calc@Adimen=\dimen145
\calc@Bdimen=\dimen146
\calc@Askip=\skip55
\calc@Bskip=\skip56
LaTeX Info: Redefining \setlength on input line 80.
LaTeX Info: Redefining \addtolength on input line 81.
\calc@Ccount=\count193
\calc@Cskip=\skip57
)
("C:\Users\miri_\AppData\Local\Programs\MiKTeX 2.9\tex/latex/mathtools\mhsetup.
sty"
Package: mhsetup 2017/03/31 v1.3 programming setup (MH)
)
LaTeX Info: Thecontrolsequence`\('isalreadyrobust on input line 129.
LaTeX Info: Thecontrolsequence`\)'isalreadyrobust on input line 129.
LaTeX Info: Thecontrolsequence`\['isalreadyrobust on input line 129.
LaTeX Info: Thecontrolsequence`\]'isalreadyrobust on input line 129.
\g_MT_multlinerow_int=\count194
\l_MT_multwidth_dim=\dimen147
\origjot=\skip58
\l_MT_shortvdotswithinadjustabove_dim=\dimen148
\l_MT_shortvdotswithinadjustbelow_dim=\dimen149
\l_MT_above_intertext_sep=\dimen150
\l_MT_below_intertext_sep=\dimen151
\l_MT_above_shortintertext_sep=\dimen152
\l_MT_below_shortintertext_sep=\dimen153
)
\c@teo=\count195
\c@defn=\count196
\c@prop=\count197
\c@ej=\count198

("C:\Users\miri_\AppData\Local\Programs\MiKTeX 2.9\tex/latex/geometry\geometry.
sty"
Package: geometry 2020/01/02 v5.9 Page Geometry

("C:\Users\miri_\AppData\Local\Programs\MiKTeX 2.9\tex/generic/iftex\ifvtex.sty
"
Package: ifvtex 2019/10/25 v1.7 ifvtex legacy package. Use iftex instead.
 ("C:\Users\miri_\AppData\Local\Programs\MiKTeX 2.9\tex/generic/iftex\iftex.sty
"
Package: iftex 2019/11/07 v1.0c TeX engine tests
))
\Gm@cnth=\count199
\Gm@cntv=\count266
\c@Gm@tempcnt=\count267
\Gm@bindingoffset=\dimen154
\Gm@wd@mp=\dimen155
\Gm@odd@mp=\dimen156
\Gm@even@mp=\dimen157
\Gm@layoutwidth=\dimen158
\Gm@layoutheight=\dimen159
\Gm@layouthoffset=\dimen160
\Gm@layoutvoffset=\dimen161
\Gm@dimlist=\toks29

("C:\Users\miri_\AppData\Local\Programs\MiKTeX 2.9\tex/latex/geometry\geometry.
cfg"))
("C:\Users\miri_\AppData\Local\Programs\MiKTeX 2.9\tex/latex/tools\enumerate.st
y"
Package: enumerate 2015/07/23 v3.00 enumerate extensions (DPC)
\@enLab=\toks30
)
("C:\Users\miri_\AppData\Local\Programs\MiKTeX 2.9\tex/latex/doublestroke\dsfon
t.sty"
Package: dsfont 1995/08/01 v0.1 Double stroke roman fonts
)
("C:\Users\miri_\AppData\Local\Programs\MiKTeX 2.9\tex/latex/lineno\lineno.sty"
Package: lineno 2005/11/02 line numbers on paragraphs v4.41
\linenopenalty=\count268
\output=\toks31
\linenoprevgraf=\count269
\linenumbersep=\dimen162
\linenumberwidth=\dimen163
\c@linenumber=\count270
\c@pagewiselinenumber=\count271
\c@LN@truepage=\count272
\c@internallinenumber=\count273
\c@internallinenumbers=\count274
\quotelinenumbersep=\dimen164
\bframerule=\dimen165
\bframesep=\dimen166
\bframebox=\box47
LaTeX Info: Redefining \\ on input line 3056.
)
("C:\Users\miri_\AppData\Local\Programs\MiKTeX 2.9\tex/latex/parskip\parskip.st
y"
Package: parskip 2020-06-15 v2.0f non-zero parskip adjustments

("C:\Users\miri_\AppData\Local\Programs\MiKTeX 2.9\tex/latex/kvoptions\kvoption
s.sty"
Package: kvoptions 2019/11/29 v3.13 Key value format for package options (HO)

("C:\Users\miri_\AppData\Local\Programs\MiKTeX 2.9\tex/generic/ltxcmds\ltxcmds.
sty"
Package: ltxcmds 2019/12/15 v1.24 LaTeX kernel commands for general use (HO)
)
("C:\Users\miri_\AppData\Local\Programs\MiKTeX 2.9\tex/generic/kvsetkeys\kvsetk
eys.sty"
Package: kvsetkeys 2019/12/15 v1.18 Key value parser (HO)
))
("C:\Users\miri_\AppData\Local\Programs\MiKTeX 2.9\tex/latex/etoolbox\etoolbox.
sty"
Package: etoolbox 2019/09/21 v2.5h e-TeX tools for LaTeX (JAW)
\etb@tempcnta=\count275
))
("C:\Users\miri_\AppData\Local\Programs\MiKTeX 2.9\tex/latex/float\float.sty"
Package: float 2001/11/08 v1.3d Float enhancements (AL)
\c@float@type=\count276
\float@exts=\toks32
\float@box=\box48
\@float@everytoks=\toks33
\@floatcapt=\box49
)
("C:\Users\miri_\AppData\Local\Programs\MiKTeX 2.9\tex/latex/multirow\multirow.
sty"
Package: multirow 2019/05/31 v2.5 Span multiple rows of a table
\multirow@colwidth=\skip59
\multirow@cntb=\count277
\multirow@dima=\skip60
\bigstrutjot=\dimen167
)
("C:\Users\miri_\AppData\Local\Programs\MiKTeX 2.9\tex/latex/appendix\appendix.
sty"
Package: appendix 2020/02/08 v1.2c extra appendix facilities
\c@@pps=\count278
\c@@ppsavesec=\count279
\c@@ppsaveapp=\count280
)
("C:\Users\miri_\AppData\Local\Programs\MiKTeX 2.9\tex/latex/listings\listings.
sty"
\lst@mode=\count281
\lst@gtempboxa=\box50
\lst@token=\toks34
\lst@length=\count282
\lst@currlwidth=\dimen168
\lst@column=\count283
\lst@pos=\count284
\lst@lostspace=\dimen169
\lst@width=\dimen170
\lst@newlines=\count285
\lst@lineno=\count286
\lst@maxwidth=\dimen171

("C:\Users\miri_\AppData\Local\Programs\MiKTeX 2.9\tex/latex/listings\lstmisc.s
ty"
File: lstmisc.sty 2019/09/10 1.8c (Carsten Heinz)
\c@lstnumber=\count287
\lst@skipnumbers=\count288
\lst@framebox=\box51
)
("C:\Users\miri_\AppData\Local\Programs\MiKTeX 2.9\tex/latex/listings\listings.
cfg"
File: listings.cfg 2019/09/10 1.8c listings configuration
))
Package: listings 2019/09/10 1.8c (Carsten Heinz)

("C:\Users\miri_\AppData\Local\Programs\MiKTeX 2.9\tex/latex/graphics\color.sty
"
Package: color 2019/11/23 v1.2a Standard LaTeX Color (DPC)

("C:\Users\miri_\AppData\Local\Programs\MiKTeX 2.9\tex/latex/graphics-cfg\color
.cfg"
File: color.cfg 2016/01/02 v1.6 sample color configuration
)
Package color Info: Driver file: pdftex.def on input line 147.

("C:\Users\miri_\AppData\Local\Programs\MiKTeX 2.9\tex/latex/graphics-def\pdfte
x.def"
File: pdftex.def 2018/01/08 v1.0l Graphics/color driver for pdftex
)
("C:\Users\miri_\AppData\Local\Programs\MiKTeX 2.9\tex/latex/graphics\dvipsnam.
def"
File: dvipsnam.def 2016/06/17 v3.0m Driver-dependent file (DPC,SPQR)
))
("C:\Users\miri_\AppData\Local\Programs\MiKTeX 2.9\tex/latex/listings\lstlang1.
sty"
File: lstlang1.sty 2019/09/10 1.8c listings language file
)
("C:\Users\miri_\AppData\Local\Programs\MiKTeX 2.9\tex/latex/listings\lstlang2.
sty"
File: lstlang2.sty 2019/09/10 1.8c listings language file
)
("C:\Users\miri_\AppData\Local\Programs\MiKTeX 2.9\tex/latex/listings\lstlang3.
sty"
File: lstlang3.sty 2019/09/10 1.8c listings language file
)
("C:\Users\miri_\AppData\Local\Programs\MiKTeX 2.9\tex/latex/graphics\graphicx.
sty"
Package: graphicx 2019/11/30 v1.2a Enhanced LaTeX Graphics (DPC,SPQR)

("C:\Users\miri_\AppData\Local\Programs\MiKTeX 2.9\tex/latex/graphics\graphics.
sty"
Package: graphics 2019/11/30 v1.4a Standard LaTeX Graphics (DPC,SPQR)

("C:\Users\miri_\AppData\Local\Programs\MiKTeX 2.9\tex/latex/graphics\trig.sty"
Package: trig 2016/01/03 v1.10 sin cos tan (DPC)
)
("C:\Users\miri_\AppData\Local\Programs\MiKTeX 2.9\tex/latex/graphics-cfg\graph
ics.cfg"
File: graphics.cfg 2016/06/04 v1.11 sample graphics configuration
)
Package graphics Info: Driver file: pdftex.def on input line 105.
)
\Gin@req@height=\dimen172
\Gin@req@width=\dimen173
)
("C:\Users\miri_\AppData\Local\Programs\MiKTeX 2.9\tex/latex/wrapfig\wrapfig.st
y"
\wrapoverhang=\dimen174
\WF@size=\dimen175
\c@WF@wrappedlines=\count289
\WF@box=\box52
\WF@everypar=\toks35
Package: wrapfig 2003/01/31  v 3.6
)
("C:\Users\miri_\AppData\Local\Programs\MiKTeX 2.9\tex/latex/subfigure\subfigur
e.sty"
Package: subfigure 2002/07/30 v2.1.4 subfigure package
\subfigtopskip=\skip61
\subfigcapskip=\skip62
\subfigcaptopadj=\dimen176
\subfigbottomskip=\skip63
\subfigcapmargin=\dimen177
\subfiglabelskip=\skip64
\c@subfigure=\count290
\c@lofdepth=\count291
\c@subtable=\count292
\c@lotdepth=\count293

****************************************
* Local config file subfigure.cfg used *
****************************************

("C:\Users\miri_\AppData\Local\Programs\MiKTeX 2.9\tex/latex/subfigure\subfigur
e.cfg")
\subfig@top=\skip65
\subfig@bottom=\skip66
)
("C:\Users\miri_\AppData\Local\Programs\MiKTeX 2.9\tex/latex/hyperref\hyperref.
sty"
Package: hyperref 2020/01/14 v7.00d Hypertext links for LaTeX

("C:\Users\miri_\AppData\Local\Programs\MiKTeX 2.9\tex/latex/pdftexcmds\pdftexc
mds.sty"
Package: pdftexcmds 2019/11/24 v0.31 Utility functions of pdfTeX for LuaTeX (HO
)

("C:\Users\miri_\AppData\Local\Programs\MiKTeX 2.9\tex/generic/infwarerr\infwar
err.sty"
Package: infwarerr 2019/12/03 v1.5 Providing info/warning/error messages (HO)
)
Package pdftexcmds Info: \pdf@primitive is available.
Package pdftexcmds Info: \pdf@ifprimitive is available.
Package pdftexcmds Info: \pdfdraftmode found.
)
("C:\Users\miri_\AppData\Local\Programs\MiKTeX 2.9\tex/generic/kvdefinekeys\kvd
efinekeys.sty"
Package: kvdefinekeys 2019-12-19 v1.6 Define keys (HO)
)
("C:\Users\miri_\AppData\Local\Programs\MiKTeX 2.9\tex/generic/pdfescape\pdfesc
ape.sty"
Package: pdfescape 2019/12/09 v1.15 Implements pdfTeX's escape features (HO)
)
("C:\Users\miri_\AppData\Local\Programs\MiKTeX 2.9\tex/latex/hycolor\hycolor.st
y"
Package: hycolor 2020-01-27 v1.10 Color options for hyperref/bookmark (HO)
)
("C:\Users\miri_\AppData\Local\Programs\MiKTeX 2.9\tex/latex/letltxmacro\letltx
macro.sty"
Package: letltxmacro 2019/12/03 v1.6 Let assignment for LaTeX macros (HO)
)
("C:\Users\miri_\AppData\Local\Programs\MiKTeX 2.9\tex/latex/auxhook\auxhook.st
y"
Package: auxhook 2019-12-17 v1.6 Hooks for auxiliary files (HO)
)
\@linkdim=\dimen178
\Hy@linkcounter=\count294
\Hy@pagecounter=\count295

("C:\Users\miri_\AppData\Local\Programs\MiKTeX 2.9\tex/latex/hyperref\pd1enc.de
f"
File: pd1enc.def 2020/01/14 v7.00d Hyperref: PDFDocEncoding definition (HO)
Now handling font encoding PD1 ...
... no UTF-8 mapping file for font encoding PD1
)
("C:\Users\miri_\AppData\Local\Programs\MiKTeX 2.9\tex/generic/intcalc\intcalc.
sty"
Package: intcalc 2019/12/15 v1.3 Expandable calculations with integers (HO)
)
("C:\Users\miri_\AppData\Local\Programs\MiKTeX 2.9\tex/generic/etexcmds\etexcmd
s.sty"
Package: etexcmds 2019/12/15 v1.7 Avoid name clashes with e-TeX commands (HO)
)
\Hy@SavedSpaceFactor=\count296
Package hyperref Info: Hyper figures OFF on input line 4547.
Package hyperref Info: Link nesting OFF on input line 4552.
Package hyperref Info: Hyper index ON on input line 4555.
Package hyperref Info: Plain pages OFF on input line 4562.
Package hyperref Info: Backreferencing OFF on input line 4567.
Package hyperref Info: Implicit mode ON; LaTeX internals redefined.
Package hyperref Info: Bookmarks ON on input line 4800.
\c@Hy@tempcnt=\count297
 ("C:\Users\miri_\AppData\Local\Programs\MiKTeX 2.9\tex/latex/url\url.sty"
\Urlmuskip=\muskip17
Package: url 2013/09/16  ver 3.4  Verb mode for urls, etc.
)
LaTeX Info: Redefining \url on input line 5159.
\XeTeXLinkMargin=\dimen179

("C:\Users\miri_\AppData\Local\Programs\MiKTeX 2.9\tex/generic/bitset\bitset.st
y"
Package: bitset 2019/12/09 v1.3 Handle bit-vector datatype (HO)

("C:\Users\miri_\AppData\Local\Programs\MiKTeX 2.9\tex/generic/bigintcalc\bigin
tcalc.sty"
Package: bigintcalc 2019/12/15 v1.5 Expandable calculations on big integers (HO
)
))
\Fld@menulength=\count298
\Field@Width=\dimen180
\Fld@charsize=\dimen181
Package hyperref Info: Hyper figures OFF on input line 6430.
Package hyperref Info: Link nesting OFF on input line 6435.
Package hyperref Info: Hyper index ON on input line 6438.
Package hyperref Info: backreferencing OFF on input line 6445.
Package hyperref Info: Link coloring OFF on input line 6450.
Package hyperref Info: Link coloring with OCG OFF on input line 6455.
Package hyperref Info: PDF/A mode OFF on input line 6460.
LaTeX Info: Redefining \ref on input line 6500.
LaTeX Info: Redefining \pageref on input line 6504.

("C:\Users\miri_\AppData\Local\Programs\MiKTeX 2.9\tex/generic/atbegshi\atbegsh
i.sty"
Package: atbegshi 2019/12/05 v1.19 At begin shipout hook (HO)
)
\Hy@abspage=\count299
\c@Item=\count300
\c@Hfootnote=\count301
)
Package hyperref Info: Driver (autodetected): hpdftex.

("C:\Users\miri_\AppData\Local\Programs\MiKTeX 2.9\tex/latex/hyperref\hpdftex.d
ef"
File: hpdftex.def 2020/01/14 v7.00d Hyperref driver for pdfTeX

("C:\Users\miri_\AppData\Local\Programs\MiKTeX 2.9\tex/latex/atveryend\atveryen
d.sty"
Package: atveryend 2019-12-11 v1.11 Hooks at the very end of document (HO)
)
\Fld@listcount=\count302
\c@bookmark@seq@number=\count303

("C:\Users\miri_\AppData\Local\Programs\MiKTeX 2.9\tex/latex/rerunfilecheck\rer
unfilecheck.sty"
Package: rerunfilecheck 2019/12/05 v1.9 Rerun checks for auxiliary files (HO)

("C:\Users\miri_\AppData\Local\Programs\MiKTeX 2.9\tex/generic/uniquecounter\un
iquecounter.sty"
Package: uniquecounter 2019/12/15 v1.4 Provide unlimited unique counter (HO)
)
Package uniquecounter Info: New unique counter `rerunfilecheck' on input line 2
86.
)
\Hy@SectionHShift=\skip67
)
("C:\Users\miri_\AppData\Local\Programs\MiKTeX 2.9\tex/latex/caption\caption.st
y"
Package: caption 2020/09/02 v3.5a Customizing captions (AR)

("C:\Users\miri_\AppData\Local\Programs\MiKTeX 2.9\tex/latex/caption\caption3.s
ty"
Package: caption3 2020/08/30 v2.0 caption3 kernel (AR)
\captionmargin=\dimen182
\captionmargin@=\dimen183
\captionwidth=\dimen184
\caption@tempdima=\dimen185
\caption@indent=\dimen186
\caption@parindent=\dimen187
\caption@hangindent=\dimen188
Package caption Info: Standard document class detected.
)
\c@caption@flags=\count304
\c@continuedfloat=\count305
Package caption Info: float package is loaded.
Package caption Info: hyperref package is loaded.
Package caption Info: listings package is loaded.
Package caption Info: subfigure package is loaded.
Package caption Info: wrapfig package is loaded.
)
("C:\Users\miri_\AppData\Local\Programs\MiKTeX 2.9\tex/latex/base\makeidx.sty"
Package: makeidx 2014/09/29 v1.0m Standard LaTeX package
) ("C:\Users\miri_\AppData\Local\Programs\MiKTeX 2.9\tex/latex/tools\verbatim.s
ty"
Package: verbatim 2019/11/10 v1.5r LaTeX2e package for verbatim enhancements
\every@verbatim=\toks36
\verbatim@line=\toks37
\verbatim@in@stream=\read3
)
("C:\Users\miri_\AppData\Local\Programs\MiKTeX 2.9\tex/latex/tools\longtable.st
y"
Package: longtable 2020/01/07 v4.13 Multi-page Table package (DPC)
\LTleft=\skip68
\LTright=\skip69
\LTpre=\skip70
\LTpost=\skip71
\LTchunksize=\count306
\LTcapwidth=\dimen189
\LT@head=\box53
\LT@firsthead=\box54
\LT@foot=\box55
\LT@lastfoot=\box56
\LT@cols=\count307
\LT@rows=\count308
\c@LT@tables=\count309
\c@LT@chunks=\count310
\LT@p@ftn=\toks38
)
("C:\Users\miri_\AppData\Local\Programs\MiKTeX 2.9\tex/latex/l3backend\l3backen
d-pdfmode.def"
File: l3backend-pdfmode.def 2020-02-03 L3 backend support: PDF mode
\l__kernel_color_stack_int=\count311
\l__pdf_internal_box=\box57
) (main.aux
LaTeX Info: Redefining \. on input line 21.
LaTeX Info: Redefining \% on input line 21.
 (Introduccion.aux) (Extraccion_de_datos.aux)
(Analisis_estadistico.aux) (Simulacion.aux)
(Teoria_de_AG_aplicado_a_horarios.aux) (Conclusiones.aux) (Apendices.aux))
\openout1 = `main.aux'.

LaTeX Font Info:    Checking defaults for OML/cmm/m/it on input line 923.
LaTeX Font Info:    ... okay on input line 923.
LaTeX Font Info:    Checking defaults for OMS/cmsy/m/n on input line 923.
LaTeX Font Info:    ... okay on input line 923.
LaTeX Font Info:    Checking defaults for OT1/cmr/m/n on input line 923.
LaTeX Font Info:    ... okay on input line 923.
LaTeX Font Info:    Checking defaults for T1/cmr/m/n on input line 923.
LaTeX Font Info:    ... okay on input line 923.
LaTeX Font Info:    Checking defaults for TS1/cmr/m/n on input line 923.
LaTeX Font Info:    ... okay on input line 923.
LaTeX Font Info:    Checking defaults for OMX/cmex/m/n on input line 923.
LaTeX Font Info:    ... okay on input line 923.
LaTeX Font Info:    Checking defaults for U/cmr/m/n on input line 923.
LaTeX Font Info:    ... okay on input line 923.
LaTeX Font Info:    Checking defaults for PD1/pdf/m/n on input line 923.
LaTeX Font Info:    ... okay on input line 923.
LaTeX Font Info:    Trying to load font information for T1+ptm on input line 92
3.

("C:\Users\miri_\AppData\Local\Programs\MiKTeX 2.9\tex/latex/psnfss\t1ptm.fd"
File: t1ptm.fd 2001/06/04 font definitions for T1/ptm.
)
LaTeX Info: Redefining \. on input line 923.
LaTeX Info: Redefining \% on input line 923.

*geometry* driver: auto-detecting
*geometry* detected driver: pdftex
*geometry* verbose mode - [ preamble ] result:
* driver: pdftex
* paper: letterpaper
* layout: <same size as paper>
* layoutoffset:(h,v)=(0.0pt,0.0pt)
* modes: twoside 
* h-part:(L,W,R)=(85.35826pt, 443.57848pt, 85.35826pt)
* v-part:(T,H,B)=(56.9055pt, 681.15898pt, 56.9055pt)
* \paperwidth=614.295pt
* \paperheight=794.96999pt
* \textwidth=443.57848pt
* \textheight=681.15898pt
* \oddsidemargin=13.08827pt
* \evensidemargin=13.08827pt
* \topmargin=-47.23828pt
* \headheight=12.0pt
* \headsep=19.8738pt
* \topskip=12.0pt
* \footskip=30.0pt
* \marginparwidth=98.0pt
* \marginparsep=7.0pt
* \columnsep=10.0pt
* \skip\footins=10.8pt plus 4.0pt minus 2.0pt
* \hoffset=0.0pt
* \voffset=0.0pt
* \mag=1000
* \@twocolumnfalse
* \@twosidetrue
* \@mparswitchtrue
* \@reversemarginfalse
* (1in=72.27pt=25.4mm, 1cm=28.453pt)

\c@lstlisting=\count312

("C:\Users\miri_\AppData\Local\Programs\MiKTeX 2.9\tex/context/base/mkii\supp-p
df.mkii"
[Loading MPS to PDF converter (version 2006.09.02).]
\scratchcounter=\count313
\scratchdimen=\dimen190
\scratchbox=\box58
\nofMPsegments=\count314
\nofMParguments=\count315
\everyMPshowfont=\toks39
\MPscratchCnt=\count316
\MPscratchDim=\dimen191
\MPnumerator=\count317
\makeMPintoPDFobject=\count318
\everyMPtoPDFconversion=\toks40
)
("C:\Users\miri_\AppData\Local\Programs\MiKTeX 2.9\tex/latex/epstopdf-pkg\epsto
pdf-base.sty"
Package: epstopdf-base 2020-01-24 v2.11 Base part for package epstopdf
Package epstopdf-base Info: Redefining graphics rule for `.eps' on input line 4
85.
)
\AtBeginShipoutBox=\box59
Package hyperref Info: Link coloring OFF on input line 923.

("C:\Users\miri_\AppData\Local\Programs\MiKTeX 2.9\tex/latex/hyperref\nameref.s
ty"
Package: nameref 2019/09/16 v2.46 Cross-referencing by name of section

("C:\Users\miri_\AppData\Local\Programs\MiKTeX 2.9\tex/latex/refcount\refcount.
sty"
Package: refcount 2019/12/15 v3.6 Data extraction from label references (HO)
)
("C:\Users\miri_\AppData\Local\Programs\MiKTeX 2.9\tex/generic/gettitlestring\g
ettitlestring.sty"
Package: gettitlestring 2019/12/15 v1.6 Cleanup title references (HO)
)
\c@section@level=\count319
)
LaTeX Info: Redefining \ref on input line 923.
LaTeX Info: Redefining \pageref on input line 923.
LaTeX Info: Redefining \nameref on input line 923.
 (main.out) (main.out)
\@outlinefile=\write3
\openout3 = `main.out'.

Package caption Info: Begin \AtBeginDocument code.
Package caption Info: longtable package is loaded.

("C:\Users\miri_\AppData\Local\Programs\MiKTeX 2.9\tex/latex/caption\ltcaption.
sty"
Package: ltcaption 2020/05/30 v1.4b longtable captions (AR)
)
Package caption Info: End \AtBeginDocument code.
<Pictures/unam.pdf, id=203, 822.27202pt x 924.25299pt>
File: Pictures/unam.pdf Graphic file (type pdf)
<use Pictures/unam.pdf>
Package pdftex.def Info: Pictures/unam.pdf  used on input line 940.
(pdftex.def)             Requested size: 74.00128pt x 83.17917pt.
<Pictures/ciencias.pdf, id=204, 359.74399pt x 411.136pt>
File: Pictures/ciencias.pdf Graphic file (type pdf)
<use Pictures/ciencias.pdf>
Package pdftex.def Info: Pictures/ciencias.pdf  used on input line 952.
(pdftex.def)             Requested size: 79.14392pt x 90.4502pt.
LaTeX Font Info:    Trying to load font information for OT1+ztmcm on input line
 953.

("C:\Users\miri_\AppData\Local\Programs\MiKTeX 2.9\tex/latex/psnfss\ot1ztmcm.fd
"
File: ot1ztmcm.fd 2000/01/03 Fontinst v1.801 font definitions for OT1/ztmcm.
)
LaTeX Font Info:    Trying to load font information for OML+ztmcm on input line
 953.

("C:\Users\miri_\AppData\Local\Programs\MiKTeX 2.9\tex/latex/psnfss\omlztmcm.fd
"
File: omlztmcm.fd 2000/01/03 Fontinst v1.801 font definitions for OML/ztmcm.
)
LaTeX Font Info:    Trying to load font information for OMS+ztmcm on input line
 953.

("C:\Users\miri_\AppData\Local\Programs\MiKTeX 2.9\tex/latex/psnfss\omsztmcm.fd
"
File: omsztmcm.fd 2000/01/03 Fontinst v1.801 font definitions for OMS/ztmcm.
)
LaTeX Font Info:    Trying to load font information for OMX+ztmcm on input line
 953.

("C:\Users\miri_\AppData\Local\Programs\MiKTeX 2.9\tex/latex/psnfss\omxztmcm.fd
"
File: omxztmcm.fd 2000/01/03 Fontinst v1.801 font definitions for OMX/ztmcm.
)
LaTeX Font Info:    Trying to load font information for U+lasy on input line 95
3.
 ("C:\Users\miri_\AppData\Local\Programs\MiKTeX 2.9\tex/latex/base\ulasy.fd"
File: ulasy.fd 1998/08/17 v2.2e LaTeX symbol font definitions
)
LaTeX Font Info:    Trying to load font information for OT1+ptm on input line 9
53.
("C:\Users\miri_\AppData\Local\Programs\MiKTeX 2.9\tex/latex/psnfss\ot1ptm.fd"
File: ot1ptm.fd 2001/06/04 font definitions for OT1/ptm.
)
LaTeX Font Info:    Font shape `OT1/ptm/bx/n' in size <12> not available
(Font)              Font shape `OT1/ptm/b/n' tried instead on input line 953.
LaTeX Font Info:    Font shape `OT1/ptm/bx/n' in size <9> not available
(Font)              Font shape `OT1/ptm/b/n' tried instead on input line 953.
LaTeX Font Info:    Font shape `OT1/ptm/bx/n' in size <7> not available
(Font)              Font shape `OT1/ptm/b/n' tried instead on input line 953.
LaTeX Font Info:    Trying to load font information for U+rsfs on input line 95
3.
("C:\Users\miri_\AppData\Local\Programs\MiKTeX 2.9\tex/latex/jknappen\ursfs.fd"
File: ursfs.fd 1998/03/24 rsfs font definition file (jk)
)
Overfull \hbox (2.28001pt too wide) in paragraph at lines 938--1001
[]$[]$ $[]$ 
 []

[1


{C:/Users/miri_/AppData/Local/MiKTeX/2.9/pdftex/config/pdftex.map} <./Pictures/
unam.pdf> <./Pictures/ciencias.pdf

pdfTeX warning: pdflatex (file ./Pictures/ciencias.pdf): PDF inclusion: multipl
e pdfs with page group included in a single page
>]
<Pictures/DGB.png, id=214, 712.91344pt x 78.2925pt>
File: Pictures/DGB.png Graphic file (type png)
<use Pictures/DGB.png>
Package pdftex.def Info: Pictures/DGB.png  used on input line 1009.
(pdftex.def)             Requested size: 443.57848pt x 48.71407pt.

Underfull \hbox (badness 10000) in paragraph at lines 1015--1016

 []

LaTeX Font Info:    Trying to load font information for TS1+ptm on input line 1
017.
("C:\Users\miri_\AppData\Local\Programs\MiKTeX 2.9\tex/latex/psnfss\ts1ptm.fd"
File: ts1ptm.fd 2001/06/04 font definitions for TS1/ptm.
)
Underfull \hbox (badness 10000) in paragraph at lines 1019--1020

 []


Underfull \hbox (badness 10000) in paragraph at lines 1021--1022

 []

[2 <./Pictures/DGB.png>] [3] [4]
Underfull \hbox (badness 10000) in paragraph at lines 1110--1113

 []

[5] (main.toc
LaTeX Info: Redefining \. on input line 1.
LaTeX Info: Redefining \% on input line 1.
pdfTeX warning (ext4): destination with the same identifier (name{page.I}) has 
been already used, duplicate ignored
<to be read again> 
                   \relax 
l.36 ...olicitudes de profesores}{53}{section.4.5}
                                                  % [1

])
\tf@toc=\write4
\openout4 = `main.toc'.

LaTeX Info: Redefining \. on input line 1122.
LaTeX Info: Redefining \% on input line 1122.
pdfTeX warning (ext4): destination with the same identifier (name{page.II}) has
 been already used, duplicate ignored
<to be read again> 
                   \relax 
l.1122 \listoffigures
                      %%Todo lo que se encuentra en los entornos "figure" y ...
[2] (main.lof
LaTeX Info: Redefining \. on input line 1.
LaTeX Info: Redefining \% on input line 1.
pdfTeX warning (ext4): destination with the same identifier (name{page.III}) ha
s been already used, duplicate ignored
<to be read again> 
                   \relax 
l.46 ...mnos por carrera}}}{36}{figure.caption.44}
                                                  % [3

]
LaTeX Info: Redefining \. on input line 95.
LaTeX Info: Redefining \% on input line 95.
pdfTeX warning (ext4): destination with the same identifier (name{page.IV}) has
 been already used, duplicate ignored
<to be read again> 
                   \relax 
l.95 ... estudio}\relax }}{116}{figure.caption.90}
                                                  % [4])
\tf@lof=\write5
\openout5 = `main.lof'.

LaTeX Info: Redefining \. on input line 1123.
LaTeX Info: Redefining \% on input line 1123.
pdfTeX warning (ext4): destination with the same identifier (name{page.V}) has 
been already used, duplicate ignored
<to be read again> 
                   \relax 
l.1123 \listoftables
                     %%Todo lo que se encuentra en los entornos "table" y ti...
[5]
LaTeX Info: Redefining \. on input line 1123.
LaTeX Info: Redefining \% on input line 1123.
 [6

] (main.lot
LaTeX Info: Redefining \. on input line 1.
LaTeX Info: Redefining \% on input line 1.
)
\tf@lot=\write6
\openout6 = `main.lot'.

 [7]
LaTeX Info: Redefining \. on input line 1124.
LaTeX Info: Redefining \% on input line 1124.
 [8

] (main.lol)
\tf@lol=\write7
\openout7 = `main.lol'.

 [9]
LaTeX Info: Redefining \. on input line 1135.
LaTeX Info: Redefining \% on input line 1135.
 [10

]
\openout2 = `Introduccion.aux'.

 (Introduccion.tex
Cap\'{\i }tulo 1.
[1


]
LaTeX Info: Redefining \. on input line 71.
LaTeX Info: Redefining \% on input line 71.
 [2]
LaTeX Info: Redefining \. on input line 130.
LaTeX Info: Redefining \% on input line 130.
 [3]
LaTeX Info: Redefining \. on input line 184.
LaTeX Info: Redefining \% on input line 184.
 [4]
<Pictures/num_alum_sem_par_impar_Proba_I.pdf, id=549, 578.16pt x 433.62pt>
File: Pictures/num_alum_sem_par_impar_Proba_I.pdf Graphic file (type pdf)
<use Pictures/num_alum_sem_par_impar_Proba_I.pdf>
Package pdftex.def Info: Pictures/num_alum_sem_par_impar_Proba_I.pdf  used on i
nput line 196.
(pdftex.def)             Requested size: 404.70924pt x 303.53192pt.
LaTeX Info: Redefining \. on input line 201.
LaTeX Info: Redefining \% on input line 201.
 [5 <./Pictures/num_alum_sem_par_impar_Proba_I.pdf>]
<Pictures/histograma_FR_num_alum_sem_par_impar_Proba_I.pdf, id=561, 578.16pt x 
433.62pt>
File: Pictures/histograma_FR_num_alum_sem_par_impar_Proba_I.pdf Graphic file (t
ype pdf)
<use Pictures/histograma_FR_num_alum_sem_par_impar_Proba_I.pdf>
Package pdftex.def Info: Pictures/histograma_FR_num_alum_sem_par_impar_Proba_I.
pdf  used on input line 204.
(pdftex.def)             Requested size: 404.70924pt x 303.53192pt.
LaTeX Font Info:    Trying to load font information for T1+cmtt on input line 2
08.

("C:\Users\miri_\AppData\Local\Programs\MiKTeX 2.9\tex/latex/base\t1cmtt.fd"
File: t1cmtt.fd 2019/12/16 v2.5j Standard LaTeX font definitions
)
<Pictures/num_alum_x_turno_Proba_I.pdf, id=564, 578.16pt x 433.62pt>
File: Pictures/num_alum_x_turno_Proba_I.pdf Graphic file (type pdf)
<use Pictures/num_alum_x_turno_Proba_I.pdf>
Package pdftex.def Info: Pictures/num_alum_x_turno_Proba_I.pdf  used on input l
ine 221.
(pdftex.def)             Requested size: 404.70924pt x 303.53192pt.
LaTeX Info: Redefining \. on input line 223.
LaTeX Info: Redefining \% on input line 223.

[6 <./Pictures/histograma_FR_num_alum_sem_par_impar_Proba_I.pdf>]
<Pictures/histograma_FR_num_alum_x_turno_Proba_I.pdf, id=581, 578.16pt x 433.62
pt>
File: Pictures/histograma_FR_num_alum_x_turno_Proba_I.pdf Graphic file (type pd
f)
<use Pictures/histograma_FR_num_alum_x_turno_Proba_I.pdf>
Package pdftex.def Info: Pictures/histograma_FR_num_alum_x_turno_Proba_I.pdf  u
sed on input line 253.
(pdftex.def)             Requested size: 404.70924pt x 303.53192pt.
)
LaTeX Info: Redefining \. on input line 1143.
LaTeX Info: Redefining \% on input line 1143.
 [7 <./Pictures/num_alum_x_turno_Proba_I.pdf>]
LaTeX Info: Redefining \. on input line 1143.
LaTeX Info: Redefining \% on input line 1143.
 [8 <./Pictures/histograma_FR_num_alum_x_turno_Proba_I.pdf>]
\openout2 = `Extraccion_de_datos.aux'.

 (Extraccion_de_datos.tex
Cap\'{\i }tulo 2.
<Pictures/Fuente_de_info.png, id=606, 735.49782pt x 470.50781pt>
File: Pictures/Fuente_de_info.png Graphic file (type png)
<use Pictures/Fuente_de_info.png>
Package pdftex.def Info: Pictures/Fuente_de_info.png  used on input line 7.
(pdftex.def)             Requested size: 443.57848pt x 283.77144pt.
[9



 <./Pictures/Fuente_de_info.png>]
LaTeX Info: Redefining \. on input line 74.
LaTeX Info: Redefining \% on input line 74.
 [10]
<Pictures/SelectorGadget.png, id=620, 660.96938pt x 477.28313pt>
File: Pictures/SelectorGadget.png Graphic file (type png)
<use Pictures/SelectorGadget.png>
Package pdftex.def Info: Pictures/SelectorGadget.png  used on input line 100.
(pdftex.def)             Requested size: 443.57848pt x 320.31696pt.
LaTeX Info: Redefining \. on input line 104.
LaTeX Info: Redefining \% on input line 104.
 [11]
LaTeX Info: Redefining \. on input line 116.
LaTeX Info: Redefining \% on input line 116.
 [12 <./Pictures/SelectorGadget.png>]
<Pictures/GrupoA.png, id=638, 534.49687pt x 122.70844pt>
File: Pictures/GrupoA.png Graphic file (type png)
<use Pictures/GrupoA.png>
Package pdftex.def Info: Pictures/GrupoA.png  used on input line 119.
(pdftex.def)             Requested size: 443.57848pt x 101.84047pt.
<Pictures/GrupoB.png, id=640, 511.15968pt x 130.23656pt>
File: Pictures/GrupoB.png Graphic file (type png)
<use Pictures/GrupoB.png>
Package pdftex.def Info: Pictures/GrupoB.png  used on input line 128.
(pdftex.def)             Requested size: 443.57848pt x 113.01674pt.
<Pictures/GrupoC.png, id=642, 555.57562pt x 112.16907pt>
File: Pictures/GrupoC.png Graphic file (type png)
<use Pictures/GrupoC.png>
Package pdftex.def Info: Pictures/GrupoC.png  used on input line 137.
(pdftex.def)             Requested size: 443.57848pt x 89.55736pt.
LaTeX Info: Redefining \. on input line 147.
LaTeX Info: Redefining \% on input line 147.
 [13 <./Pictures/GrupoA.png> <./Pictures/GrupoB.png> <./Pictures/GrupoC.png>] (
ED_falta_de_info.tex
<Pictures/FaltaInfo_A.png, id=652, 635.45514pt x 389.99757pt>
File: Pictures/FaltaInfo_A.png Graphic file (type png)
<use Pictures/FaltaInfo_A.png>
Package pdftex.def Info: Pictures/FaltaInfo_A.png  used on input line 11.
(pdftex.def)             Requested size: 443.57848pt x 272.24068pt.
<Pictures/FaltaInfo_B.png, id=655, 615.9375pt x 366.2775pt>
File: Pictures/FaltaInfo_B.png Graphic file (type png)
<use Pictures/FaltaInfo_B.png>
Package pdftex.def Info: Pictures/FaltaInfo_B.png  used on input line 19.
(pdftex.def)             Requested size: 307.96799pt x 183.13829pt.

Underfull \vbox (badness 3557) has occurred while \output is active []

LaTeX Info: Redefining \. on input line 22.
LaTeX Info: Redefining \% on input line 22.
 [14 <./Pictures/FaltaInfo_A.png>]
Overfull \hbox (17.73103pt too wide) in paragraph at lines 23--24
\T1/ptm/m/n/12 nú-me-ro de alum-nos ins-cri-tos: []$\T1/cmtt/m/n/12 http : / / 
www . fciencias . unam . mx / docencia / horarios /
 []

<Pictures/FaltaInfo_C.png, id=664, 457.98067pt x 397.079pt>
File: Pictures/FaltaInfo_C.png Graphic file (type png)
<use Pictures/FaltaInfo_C.png>
Package pdftex.def Info: Pictures/FaltaInfo_C.png  used on input line 27.
(pdftex.def)             Requested size: 366.38503pt x 317.66362pt.
<Pictures/FaltaInfo_D.png, id=667, 362.10281pt x 246.9225pt>
File: Pictures/FaltaInfo_D.png Graphic file (type png)
<use Pictures/FaltaInfo_D.png>
Package pdftex.def Info: Pictures/FaltaInfo_D.png  used on input line 35.
(pdftex.def)             Requested size: 362.10191pt x 246.92188pt.
LaTeX Info: Redefining \. on input line 37.
LaTeX Info: Redefining \% on input line 37.
[15 <./Pictures/FaltaInfo_B.png> <./Pictures/FaltaInfo_C.png>])
(ED_info_repetida.tex
Overfull \hbox (20.39606pt too wide) in paragraph at lines 8--9
\T1/ptm/m/n/12 men-te co-rrec-to: []$\T1/cmtt/m/n/12 http : / / www . fciencias
 . unam . mx / docencia / horarios / 20082 / 1556 /
 []

<Pictures/InfoRepetida_A_1.png, id=678, 373.395pt x 228.855pt>
File: Pictures/InfoRepetida_A_1.png Graphic file (type png)
<use Pictures/InfoRepetida_A_1.png>
Package pdftex.def Info: Pictures/InfoRepetida_A_1.png  used on input line 14.
(pdftex.def)             Requested size: 312.9803pt x 191.8353pt.
<Pictures/InfoRepetida_A_2.png, id=679, 363.60844pt x 220.57407pt>
File: Pictures/InfoRepetida_A_2.png Graphic file (type png)
<use Pictures/InfoRepetida_A_2.png>
Package pdftex.def Info: Pictures/InfoRepetida_A_2.png  used on input line 15.
(pdftex.def)             Requested size: 312.9803pt x 189.86836pt.

Underfull \vbox (badness 10000) has occurred while \output is active []

LaTeX Info: Redefining \. on input line 18.
LaTeX Info: Redefining \% on input line 18.
 [16 <./Pictures/FaltaInfo_D.png>]
<Pictures/InfoRepetida_B_1.png, id=690, 347.79938pt x 263.48438pt>
File: Pictures/InfoRepetida_B_1.png Graphic file (type png)
<use Pictures/InfoRepetida_B_1.png>
Package pdftex.def Info: Pictures/InfoRepetida_B_1.png  used on input line 29.
(pdftex.def)             Requested size: 312.9803pt x 237.11765pt.
<Pictures/InfoRepetida_B_2.png, id=691, 465.23813pt x 263.48438pt>
File: Pictures/InfoRepetida_B_2.png Graphic file (type png)
<use Pictures/InfoRepetida_B_2.png>
Package pdftex.def Info: Pictures/InfoRepetida_B_2.png  used on input line 30.
(pdftex.def)             Requested size: 398.33858pt x 225.6031pt.
LaTeX Info: Redefining \. on input line 33.
LaTeX Info: Redefining \% on input line 33.
 [17 <./Pictures/InfoRepetida_A_1.png> <./Pictures/InfoRepetida_A_2.png>]
LaTeX Info: Redefining \. on input line 39.
LaTeX Info: Redefining \% on input line 39.
 [18 <./Pictures/InfoRepetida_B_1.png> <./Pictures/InfoRepetida_B_2.png>]
<Pictures/Ej_gpo_repetido_1.png, id=710, 319.1925pt x 182.18062pt>
File: Pictures/Ej_gpo_repetido_1.png Graphic file (type png)
<use Pictures/Ej_gpo_repetido_1.png>
Package pdftex.def Info: Pictures/Ej_gpo_repetido_1.png  used on input line 138
.
(pdftex.def)             Requested size: 284.52756pt x 162.39597pt.
<Pictures/Ej_gpo_repetido_2.png, id=711, 516.42938pt x 181.42781pt>
File: Pictures/Ej_gpo_repetido_2.png Graphic file (type png)
<use Pictures/Ej_gpo_repetido_2.png>
Package pdftex.def Info: Pictures/Ej_gpo_repetido_2.png  used on input line 139
.
(pdftex.def)             Requested size: 426.79134pt x 149.94278pt.
) (ED_otros_problemas_extraer_info.tex
<Pictures/Ej_un_alumno.png, id=713, 334.24875pt x 57.96657pt>
File: Pictures/Ej_un_alumno.png Graphic file (type png)
<use Pictures/Ej_un_alumno.png>
Package pdftex.def Info: Pictures/Ej_un_alumno.png  used on input line 10.
(pdftex.def)             Requested size: 334.24792pt x 57.96642pt.

Underfull \vbox (badness 1831) has occurred while \output is active []

LaTeX Info: Redefining \. on input line 14.
LaTeX Info: Redefining \% on input line 14.
 [19 <./Pictures/Ej_gpo_repetido_1.png> <./Pictures/Ej_gpo_repetido_2.png>]
<Pictures/Ej_gpo_medias_hrs.png, id=725, 438.8897pt x 62.48344pt>
File: Pictures/Ej_gpo_medias_hrs.png Graphic file (type png)
<use Pictures/Ej_gpo_medias_hrs.png>
Package pdftex.def Info: Pictures/Ej_gpo_medias_hrs.png  used on input line 21.

(pdftex.def)             Requested size: 443.57848pt x 63.15257pt.

Overfull \hbox (20.71655pt too wide) in paragraph at lines 26--27
[]\T1/ptm/m/n/12 Se tie-nen ma-te-rias con múl-ti-ples ho-ra-rios: []$\T1/cmtt/
m/n/12 http : / / www . fciencias . unam . mx / docencia /
 []

<Pictures/Ej_gpo_horarios_multiples.png, id=728, 568.37344pt x 205.5178pt>
File: Pictures/Ej_gpo_horarios_multiples.png Graphic file (type png)
<use Pictures/Ej_gpo_horarios_multiples.png>
Package pdftex.def Info: Pictures/Ej_gpo_horarios_multiples.png  used on input 
line 32.
(pdftex.def)             Requested size: 443.57848pt x 160.40045pt.
LaTeX Info: Redefining \. on input line 37.
LaTeX Info: Redefining \% on input line 37.
[20 <./Pictures/Ej_un_alumno.png> <./Pictures/Ej_gpo_medias_hrs.png> <./Picture
s/Ej_gpo_horarios_multiples.png>]
<Pictures/Ej_gpo_ingles.png, id=739, 271.76532pt x 44.41594pt>
File: Pictures/Ej_gpo_ingles.png Graphic file (type png)
<use Pictures/Ej_gpo_ingles.png>
Package pdftex.def Info: Pictures/Ej_gpo_ingles.png  used on input line 40.
(pdftex.def)             Requested size: 271.76465pt x 44.41582pt.
<Pictures/Ej_gpo_con_estructura_diferente.png, id=743, 572.89032pt x 202.50656p
t>
File: Pictures/Ej_gpo_con_estructura_diferente.png Graphic file (type png)
<use Pictures/Ej_gpo_con_estructura_diferente.png>
Package pdftex.def Info: Pictures/Ej_gpo_con_estructura_diferente.png  used on 
input line 48.
(pdftex.def)             Requested size: 443.57848pt x 156.7988pt.
)
Underfull \hbox (badness 1735) in paragraph at lines 156--156
[]|\T1/ptm/b/n/12 Posibles va-lo-
 []


Overfull \hbox (1.87457pt too wide) in alignment at lines 156--156
 [] [] [] [] 
 []


Underfull \hbox (badness 1735) in paragraph at lines 156--156
[]|\T1/ptm/b/n/12 Posibles va-lo-
 []


Overfull \hbox (1.87457pt too wide) in alignment at lines 156--156
 [] [] [] [] 
 []


Overfull \hbox (1.87457pt too wide) in alignment at lines 156--156
 [] [] [] [] 
 []


Underfull \hbox (badness 1033) in paragraph at lines 156--156
[]\T1/ptm/m/n/12 Tabla 2.3: |\T1/ptm/m/it/12 En es-ta ta-bla se des-cri-be el c
on-te-ni-do de las co-lum-nas de las ma-tri-ces
 []


Overfull \hbox (1.87457pt too wide) in alignment at lines 156--156
 [] [] [] [] 
 []


Underfull \hbox (badness 10000) in paragraph at lines 156--156
[]|\T1/ptm/m/n/12 ``Probabilidad
 []


Underfull \hbox (badness 10000) in paragraph at lines 156--156
[]|\T1/ptm/m/n/12 ``Arrigo Coen
 []


Overfull \hbox (5.28012pt too wide) in paragraph at lines 156--156
[]|$\OT1/ztmcm/m/n/12 7\OML/ztmcm/m/it/12 ; \OT1/ztmcm/m/n/12 8\OML/ztmcm/m/it/
12 ; \OT1/ztmcm/m/n/12 9\OML/ztmcm/m/it/12 ; [] ; \OT1/ztmcm/m/n/12 20\OML/ztmc
m/m/it/12 ; \OT1/ztmcm/m/n/12 21$| 
 []


Underfull \hbox (badness 10000) in paragraph at lines 156--156
[]|\T1/ptm/m/n/12 ``O218'', ...,
 []


Underfull \hbox (badness 10000) in paragraph at lines 156--156
[]|\T1/ptm/m/n/12 ``Actuaría'',
 []


Underfull \hbox (badness 10000) in paragraph at lines 156--156
\T1/ptm/m/n/12 ``Ma-te-má-ti-
 []


Underfull \hbox (badness 10000) in paragraph at lines 156--156
[]|\T1/ptm/m/n/12 20081, $[]$ ,
 []


Underfull \hbox (badness 10000) in paragraph at lines 156--156
[]|\T1/ptm/m/n/12 Matutino: 7:00-14:00hrs, Ves-per-tino:
 []


Underfull \hbox (badness 10000) in paragraph at lines 156--156
[]|\T1/ptm/m/n/12 ``Primer Se-
 []


Underfull \hbox (badness 3713) in paragraph at lines 156--156
\T1/ptm/m/n/12 mes-tre'', $[]$ ,
 []


Overfull \hbox (1.87457pt too wide) in alignment at lines 156--156
 [] [] [] [] 
 []


Underfull \hbox (badness 10000) in paragraph at lines 156--156
[]|\T1/ptm/m/n/12 Nombres de
 []


Underfull \hbox (badness 10000) in paragraph at lines 156--156
[]|\T1/ptm/m/n/12 Nombres de
 []


Underfull \hbox (badness 10000) in paragraph at lines 156--156
[]|\T1/ptm/m/n/12 Nombres de
 []


Underfull \hbox (badness 10000) in paragraph at lines 156--156
[]|\T1/ptm/m/n/12 Nombres de
 []


Underfull \hbox (badness 10000) in paragraph at lines 156--156
[]|\T1/ptm/m/n/12 Nombres de
 []


Underfull \hbox (badness 10000) in paragraph at lines 156--156
[]|\T1/ptm/m/n/12 Nombres de
 []


Underfull \hbox (badness 10000) in paragraph at lines 156--156
[]|\T1/ptm/m/n/12 Nombres de
 []


Overfull \hbox (1.87457pt too wide) in alignment at lines 156--156
 [] [] [] [] 
 []

LaTeX Info: Redefining \. on input line 156.
LaTeX Info: Redefining \% on input line 156.
[21 <./Pictures/Ej_gpo_ingles.png> <./Pictures/Ej_gpo_con_estructura_diferente.
png>]
LaTeX Info: Redefining \. on input line 156.
LaTeX Info: Redefining \% on input line 156.
 [22]
LaTeX Info: Redefining \. on input line 161.
LaTeX Info: Redefining \% on input line 161.
 [23])
LaTeX Info: Redefining \. on input line 1145.
LaTeX Info: Redefining \% on input line 1145.
 [24]
\openout2 = `Analisis_estadistico.aux'.

 (Analisis_estadistico.tex
Cap\'{\i }tulo 3.
[25



]
LaTeX Info: Redefining \. on input line 77.
LaTeX Info: Redefining \% on input line 77.
 [26]
<Pictures/descomposicion_ts_total_alumnos.pdf, id=781, 578.16pt x 433.62pt>
File: Pictures/descomposicion_ts_total_alumnos.pdf Graphic file (type pdf)
<use Pictures/descomposicion_ts_total_alumnos.pdf>
Package pdftex.def Info: Pictures/descomposicion_ts_total_alumnos.pdf  used on 
input line 95.
(pdftex.def)             Requested size: 443.57848pt x 332.68423pt.
LaTeX Info: Redefining \. on input line 102.
LaTeX Info: Redefining \% on input line 102.
 [27 <./Pictures/descomposicion_ts_total_alumnos.pdf>]
<Pictures/prom_alum_total_x_sem_ts.pdf, id=793, 578.16pt x 433.62pt>
File: Pictures/prom_alum_total_x_sem_ts.pdf Graphic file (type pdf)
<use Pictures/prom_alum_total_x_sem_ts.pdf>
Package pdftex.def Info: Pictures/prom_alum_total_x_sem_ts.pdf  used on input l
ine 112.
(pdftex.def)             Requested size: 443.57848pt x 332.68423pt.
<Pictures/cox_stuart_test_randomness.png, id=795, 292.09125pt x 96.36pt>
File: Pictures/cox_stuart_test_randomness.png Graphic file (type png)
<use Pictures/cox_stuart_test_randomness.png>
Package pdftex.def Info: Pictures/cox_stuart_test_randomness.png  used on input
 line 120.
(pdftex.def)             Requested size: 292.09052pt x 96.35974pt.
LaTeX Info: Redefining \. on input line 123.
LaTeX Info: Redefining \% on input line 123.
 [28 <./Pictures/prom_alum_total_x_sem_ts.pdf>]
<Pictures/cox_stuart_test_increasing_trend.png, id=810, 438.13687pt x 95.6072pt
>
File: Pictures/cox_stuart_test_increasing_trend.png Graphic file (type png)
<use Pictures/cox_stuart_test_increasing_trend.png>
Package pdftex.def Info: Pictures/cox_stuart_test_increasing_trend.png  used on
 input line 143.
(pdftex.def)             Requested size: 438.13579pt x 95.60695pt.
<Pictures/num_alum_total_x_sem_barplot.pdf, id=813, 578.16pt x 433.62pt>
File: Pictures/num_alum_total_x_sem_barplot.pdf Graphic file (type pdf)
<use Pictures/num_alum_total_x_sem_barplot.pdf>
Package pdftex.def Info: Pictures/num_alum_total_x_sem_barplot.pdf  used on inp
ut line 156.
(pdftex.def)             Requested size: 443.57848pt x 332.68423pt.
LaTeX Info: Redefining \. on input line 159.
LaTeX Info: Redefining \% on input line 159.
 [29 <./Pictures/cox_stuart_test_randomness.png> <./Pictures/cox_stuart_test_in
creasing_trend.png>]
<Pictures/qs_test_seasonality.png, id=821, 248.42813pt x 72.27pt>
File: Pictures/qs_test_seasonality.png Graphic file (type png)
<use Pictures/qs_test_seasonality.png>
Package pdftex.def Info: Pictures/qs_test_seasonality.png  used on input line 1
66.
(pdftex.def)             Requested size: 248.42752pt x 72.2698pt.
LaTeX Info: Redefining \. on input line 175.
LaTeX Info: Redefining \% on input line 175.
 [30 <./Pictures/num_alum_total_x_sem_barplot.pdf> <./Pictures/qs_test_seasonal
ity.png>]
<Pictures/sd_alum_x_gpo_x_sem_ts.pdf, id=834, 578.16pt x 433.62pt>
File: Pictures/sd_alum_x_gpo_x_sem_ts.pdf Graphic file (type pdf)
<use Pictures/sd_alum_x_gpo_x_sem_ts.pdf>
Package pdftex.def Info: Pictures/sd_alum_x_gpo_x_sem_ts.pdf  used on input lin
e 180.
(pdftex.def)             Requested size: 404.70924pt x 303.53192pt.
<Pictures/jarque_bera_test_normality.png, id=836, 331.2375pt x 92.59593pt>
File: Pictures/jarque_bera_test_normality.png Graphic file (type png)
<use Pictures/jarque_bera_test_normality.png>
Package pdftex.def Info: Pictures/jarque_bera_test_normality.png  used on input
 line 192.
(pdftex.def)             Requested size: 331.23668pt x 92.59569pt.
LaTeX Info: Redefining \. on input line 199.
LaTeX Info: Redefining \% on input line 199.
 [31 <./Pictures/sd_alum_x_gpo_x_sem_ts.pdf> <./Pictures/jarque_bera_test_norma
lity.png>]
<Pictures/bp_test_homocedasticidad.png, id=848, 301.125pt x 93.34875pt>
File: Pictures/bp_test_homocedasticidad.png Graphic file (type png)
<use Pictures/bp_test_homocedasticidad.png>
Package pdftex.def Info: Pictures/bp_test_homocedasticidad.png  used on input l
ine 205.
(pdftex.def)             Requested size: 301.12425pt x 93.34851pt.
<Pictures/num_alum_sem_par_impar_ts.pdf, id=852, 578.16pt x 433.62pt>
File: Pictures/num_alum_sem_par_impar_ts.pdf Graphic file (type pdf)
<use Pictures/num_alum_sem_par_impar_ts.pdf>
Package pdftex.def Info: Pictures/num_alum_sem_par_impar_ts.pdf  used on input 
line 229.
(pdftex.def)             Requested size: 375.79955pt x 281.84966pt.

Underfull \vbox (badness 10000) has occurred while \output is active []

LaTeX Info: Redefining \. on input line 232.
LaTeX Info: Redefining \% on input line 232.
 [32 <./Pictures/bp_test_homocedasticidad.png>]
<Pictures/histograma_FR_num_alum_sem_par_impar.pdf, id=857, 578.16pt x 433.62pt
>
File: Pictures/histograma_FR_num_alum_sem_par_impar.pdf Graphic file (type pdf)

<use Pictures/histograma_FR_num_alum_sem_par_impar.pdf>
Package pdftex.def Info: Pictures/histograma_FR_num_alum_sem_par_impar.pdf  use
d on input line 235.
(pdftex.def)             Requested size: 375.79955pt x 281.84966pt.
LaTeX Info: Redefining \. on input line 241.
LaTeX Info: Redefining \% on input line 241.
 [33 <./Pictures/num_alum_sem_par_impar_ts.pdf> <./Pictures/histograma_FR_num_a
lum_sem_par_impar.pdf>]
<Pictures/num_alum_matu_vesp_ts.pdf, id=878, 578.16pt x 433.62pt>
File: Pictures/num_alum_matu_vesp_ts.pdf Graphic file (type pdf)
<use Pictures/num_alum_matu_vesp_ts.pdf>
Package pdftex.def Info: Pictures/num_alum_matu_vesp_ts.pdf  used on input line
 244.
(pdftex.def)             Requested size: 404.70924pt x 303.53192pt.
<Pictures/histograma_FR_num_alum_matu_vesp.pdf, id=880, 578.16pt x 433.62pt>
File: Pictures/histograma_FR_num_alum_matu_vesp.pdf Graphic file (type pdf)
<use Pictures/histograma_FR_num_alum_matu_vesp.pdf>
Package pdftex.def Info: Pictures/histograma_FR_num_alum_matu_vesp.pdf  used on
 input line 253.
(pdftex.def)             Requested size: 346.89867pt x 260.17401pt.


LaTeX Warning: `h' float specifier changed to `ht'.

LaTeX Info: Redefining \. on input line 263.
LaTeX Info: Redefining \% on input line 263.
[34 <./Pictures/num_alum_matu_vesp_ts.pdf>]
<Pictures/histogramas_FA_num_alum_x_carrera.pdf, id=893, 578.16pt x 433.62pt>
File: Pictures/histogramas_FA_num_alum_x_carrera.pdf Graphic file (type pdf)
<use Pictures/histogramas_FA_num_alum_x_carrera.pdf>
Package pdftex.def Info: Pictures/histogramas_FA_num_alum_x_carrera.pdf  used o
n input line 266.
(pdftex.def)             Requested size: 375.79955pt x 281.84966pt.
LaTeX Info: Redefining \. on input line 272.
LaTeX Info: Redefining \% on input line 272.
 [35 <./Pictures/histograma_FR_num_alum_matu_vesp.pdf> <./Pictures/histogramas_
FA_num_alum_x_carrera.pdf>]
<Pictures/histogramas_FR_num_alum_x_carrera.pdf, id=915, 578.16pt x 433.62pt>
File: Pictures/histogramas_FR_num_alum_x_carrera.pdf Graphic file (type pdf)
<use Pictures/histogramas_FR_num_alum_x_carrera.pdf>
Package pdftex.def Info: Pictures/histogramas_FR_num_alum_x_carrera.pdf  used o
n input line 279.
(pdftex.def)             Requested size: 404.70924pt x 303.53192pt.
<Pictures/histograma_FA_num_alum_x_gpo_x_sem.pdf, id=920, 578.16pt x 433.62pt>
File: Pictures/histograma_FA_num_alum_x_gpo_x_sem.pdf Graphic file (type pdf)
<use Pictures/histograma_FA_num_alum_x_gpo_x_sem.pdf>
Package pdftex.def Info: Pictures/histograma_FA_num_alum_x_gpo_x_sem.pdf  used 
on input line 291.
(pdftex.def)             Requested size: 404.70924pt x 303.53192pt.
LaTeX Info: Redefining \. on input line 294.
LaTeX Info: Redefining \% on input line 294.
 [36 <./Pictures/histogramas_FR_num_alum_x_carrera.pdf>]
<Pictures/densidades_num_alum_x_gpo_x_sem.pdf, id=932, 578.16pt x 433.62pt>
File: Pictures/densidades_num_alum_x_gpo_x_sem.pdf Graphic file (type pdf)
<use Pictures/densidades_num_alum_x_gpo_x_sem.pdf>
Package pdftex.def Info: Pictures/densidades_num_alum_x_gpo_x_sem.pdf  used on 
input line 307.
(pdftex.def)             Requested size: 404.70924pt x 303.53192pt.
LaTeX Info: Redefining \. on input line 309.
LaTeX Info: Redefining \% on input line 309.
 [37 <./Pictures/histograma_FA_num_alum_x_gpo_x_sem.pdf>]
Underfull \vbox (badness 10000) has occurred while \output is active []

LaTeX Info: Redefining \. on input line 321.
LaTeX Info: Redefining \% on input line 321.
 [38 <./Pictures/densidades_num_alum_x_gpo_x_sem.pdf>]
<Pictures/histograma_FR_prueba_KS.pdf, id=961, 578.16pt x 433.62pt>
File: Pictures/histograma_FR_prueba_KS.pdf Graphic file (type pdf)
<use Pictures/histograma_FR_prueba_KS.pdf>
Package pdftex.def Info: Pictures/histograma_FR_prueba_KS.pdf  used on input li
ne 338.
(pdftex.def)             Requested size: 375.79955pt x 281.84966pt.
LaTeX Info: Redefining \. on input line 343.
LaTeX Info: Redefining \% on input line 343.
 [39 <./Pictures/histograma_FR_prueba_KS.pdf>]
<Pictures/num_prom_gpos_x_hora_barplot.pdf, id=976, 578.16pt x 433.62pt>
File: Pictures/num_prom_gpos_x_hora_barplot.pdf Graphic file (type pdf)
<use Pictures/num_prom_gpos_x_hora_barplot.pdf>
Package pdftex.def Info: Pictures/num_prom_gpos_x_hora_barplot.pdf  used on inp
ut line 362.
(pdftex.def)             Requested size: 375.79955pt x 281.84966pt.


LaTeX Warning: `h' float specifier changed to `ht'.

<Pictures/prom_alum_x_hora_barplot.pdf, id=979, 578.16pt x 433.62pt>
File: Pictures/prom_alum_x_hora_barplot.pdf Graphic file (type pdf)
<use Pictures/prom_alum_x_hora_barplot.pdf>
Package pdftex.def Info: Pictures/prom_alum_x_hora_barplot.pdf  used on input l
ine 370.
(pdftex.def)             Requested size: 375.79955pt x 281.84966pt.

Underfull \vbox (badness 1783) has occurred while \output is active []

LaTeX Info: Redefining \. on input line 373.
LaTeX Info: Redefining \% on input line 373.
 [40])
Underfull \vbox (badness 10000) has occurred while \output is active []

LaTeX Info: Redefining \. on input line 1147.
LaTeX Info: Redefining \% on input line 1147.
 [41 <./Pictures/num_prom_gpos_x_hora_barplot.pdf> <./Pictures/prom_alum_x_hora
_barplot.pdf>]
LaTeX Info: Redefining \. on input line 1147.
LaTeX Info: Redefining \% on input line 1147.
 [42]
\openout2 = `Simulacion.aux'.

 (Simulacion.tex
Cap\'{\i }tulo 4.
<Pictures/diagrama_flujo.png, id=1010, 600.74437pt x 375.65344pt>
File: Pictures/diagrama_flujo.png Graphic file (type png)
<use Pictures/diagrama_flujo.png>
Package pdftex.def Info: Pictures/diagrama_flujo.png  used on input line 15.
(pdftex.def)             Requested size: 443.57848pt x 277.38306pt.

Underfull \vbox (badness 10000) has occurred while \output is active []

 [43



]
(Sim_nom_materias.tex
Overfull \hbox (13.60535pt too wide) in paragraph at lines 7--8
[]\T1/ptm/m/n/12 Primero ob-tu-vi-mos un vec-tor con to-dos los nom-bres de las
 ma-te-rias en la ma-triz \T1/ptm/m/it/12 m_grande_total\T1/ptm/m/n/12 .
 []

LaTeX Info: Redefining \. on input line 18.
LaTeX Info: Redefining \% on input line 18.
[44 <./Pictures/diagrama_flujo.png>]) (Sim_obtencionq1q2.tex
LaTeX Font Info:    Font shape `OT1/ptm/bx/n' in size <17.28> not available
(Font)              Font shape `OT1/ptm/b/n' tried instead on input line 1.
LaTeX Font Info:    Font shape `OT1/ptm/bx/n' in size <10> not available
(Font)              Font shape `OT1/ptm/b/n' tried instead on input line 1.


Package hyperref Warning: Token not allowed in a PDF string (PDFDocEncoding):
(hyperref)                removing `math shift' on input line 1.


Package hyperref Warning: Token not allowed in a PDF string (PDFDocEncoding):
(hyperref)                removing `subscript' on input line 1.


Package hyperref Warning: Token not allowed in a PDF string (PDFDocEncoding):
(hyperref)                removing `math shift' on input line 1.


Package hyperref Warning: Token not allowed in a PDF string (PDFDocEncoding):
(hyperref)                removing `math shift' on input line 1.


Package hyperref Warning: Token not allowed in a PDF string (PDFDocEncoding):
(hyperref)                removing `subscript' on input line 1.


Package hyperref Warning: Token not allowed in a PDF string (PDFDocEncoding):
(hyperref)                removing `math shift' on input line 1.


Underfull \vbox (badness 4441) has occurred while \output is active []

LaTeX Info: Redefining \. on input line 43.
LaTeX Info: Redefining \% on input line 43.
 [45]
<Pictures/mat_med_dispersion.png, id=1031, 545.78906pt x 244.66406pt>
File: Pictures/mat_med_dispersion.png Graphic file (type png)
<use Pictures/mat_med_dispersion.png>
Package pdftex.def Info: Pictures/mat_med_dispersion.png  used on input line 55
.
(pdftex.def)             Requested size: 443.57848pt x 198.84505pt.
<Pictures/prom_SD_5m_12p.png, id=1033, 150.5625pt x 249.18094pt>
File: Pictures/prom_SD_5m_12p.png Graphic file (type png)
<use Pictures/prom_SD_5m_12p.png>
Package pdftex.def Info: Pictures/prom_SD_5m_12p.png  used on input line 64.
(pdftex.def)             Requested size: 150.56212pt x 249.18031pt.
LaTeX Info: Redefining \. on input line 67.
LaTeX Info: Redefining \% on input line 67.

[46 <./Pictures/mat_med_dispersion.png>]
<Pictures/prom_SD_10m_6p.png, id=1044, 170.88844pt x 158.09062pt>
File: Pictures/prom_SD_10m_6p.png Graphic file (type png)
<use Pictures/prom_SD_10m_6p.png>
Package pdftex.def Info: Pictures/prom_SD_10m_6p.png  used on input line 74.
(pdftex.def)             Requested size: 170.88802pt x 158.09023pt.
LaTeX Info: Redefining \. on input line 80.
LaTeX Info: Redefining \% on input line 80.
 [47 <./Pictures/prom_SD_5m_12p.png> <./Pictures/prom_SD_10m_6p.png>]
<Pictures/prom_SD_10m_4p.png, id=1051, 168.63pt x 113.67468pt>
File: Pictures/prom_SD_10m_4p.png Graphic file (type png)
<use Pictures/prom_SD_10m_4p.png>
Package pdftex.def Info: Pictures/prom_SD_10m_4p.png  used on input line 84.
(pdftex.def)             Requested size: 168.62958pt x 113.6744pt.
<Pictures/prom_SD_5m_4p.png, id=1054, 168.63pt x 112.92188pt>
File: Pictures/prom_SD_5m_4p.png Graphic file (type png)
<use Pictures/prom_SD_5m_4p.png>
Package pdftex.def Info: Pictures/prom_SD_5m_4p.png  used on input line 93.
(pdftex.def)             Requested size: 168.62958pt x 112.92159pt.
<Pictures/intervalos_confianza.png, id=1058, 454.69875pt x 148.30406pt>
File: Pictures/intervalos_confianza.png Graphic file (type png)
<use Pictures/intervalos_confianza.png>
Package pdftex.def Info: Pictures/intervalos_confianza.png  used on input line 
101.
(pdftex.def)             Requested size: 318.28694pt x 103.81212pt.
LaTeX Info: Redefining \. on input line 106.
LaTeX Info: Redefining \% on input line 106.
 [48 <./Pictures/prom_SD_10m_4p.png> <./Pictures/prom_SD_5m_4p.png> <./Pictures
/intervalos_confianza.png>]
<Pictures/mat_med_dispersion_pruebaAleatoria.png, id=1065, 464.4853pt x 295.102
5pt>
File: Pictures/mat_med_dispersion_pruebaAleatoria.png Graphic file (type png)
<use Pictures/mat_med_dispersion_pruebaAleatoria.png>
Package pdftex.def Info: Pictures/mat_med_dispersion_pruebaAleatoria.png  used 
on input line 109.
(pdftex.def)             Requested size: 443.57848pt x 281.82722pt.
)
(Sim_nom_profesores.tex
Overfull \hbox (14.93071pt too wide) in paragraph at lines 11--12
\T1/cmtt/m/n/12 matematicas . unam . mx / index . php / nosotros / profesores-[
]de-[]tiempo-[]completo$[] \T1/ptm/m/n/12 del De-
 []

LaTeX Info: Redefining \. on input line 12.
LaTeX Info: Redefining \% on input line 12.
[49 <./Pictures/mat_med_dispersion_pruebaAleatoria.png>]
<Pictures/profesores_TC_SelectorGadget.png, id=1073, 430.60875pt x 478.03593pt>

File: Pictures/profesores_TC_SelectorGadget.png Graphic file (type png)
<use Pictures/profesores_TC_SelectorGadget.png>
Package pdftex.def Info: Pictures/profesores_TC_SelectorGadget.png  used on inp
ut line 15.
(pdftex.def)             Requested size: 344.48746pt x 382.42926pt.
<Pictures/profesores_TC_sinLimpiar.png, id=1075, 448.67625pt x 257.46187pt>
File: Pictures/profesores_TC_sinLimpiar.png Graphic file (type png)
<use Pictures/profesores_TC_sinLimpiar.png>
Package pdftex.def Info: Pictures/profesores_TC_sinLimpiar.png  used on input l
ine 23.
(pdftex.def)             Requested size: 314.07123pt x 180.22206pt.

Underfull \vbox (badness 10000) has occurred while \output is active []

LaTeX Info: Redefining \. on input line 26.
LaTeX Info: Redefining \% on input line 26.
 [50 <./Pictures/profesores_TC_SelectorGadget.png>]
LaTeX Info: Redefining \. on input line 70.
LaTeX Info: Redefining \% on input line 70.
 [51 <./Pictures/profesores_TC_sinLimpiar.png>]
LaTeX Info: Redefining \. on input line 126.
LaTeX Info: Redefining \% on input line 126.
 [52]) (Sim_solicitudes.tex
LaTeX Info: Redefining \. on input line 14.
LaTeX Info: Redefining \% on input line 14.
 [53]
<Pictures/mat_1_solicitud_Margarita.png, id=1105, 507.39563pt x 137.01187pt>
File: Pictures/mat_1_solicitud_Margarita.png Graphic file (type png)
<use Pictures/mat_1_solicitud_Margarita.png>
Package pdftex.def Info: Pictures/mat_1_solicitud_Margarita.png  used on input 
line 51.
(pdftex.def)             Requested size: 443.57848pt x 119.78264pt.

Underfull \vbox (badness 7740) has occurred while \output is active []

LaTeX Info: Redefining \. on input line 54.
LaTeX Info: Redefining \% on input line 54.
 [54])
(Sim_demanda_alumnos.tex
<Pictures/mat_alumnos_corregidos_EstadisticaIII.png, id=1124, 307.1475pt x 305.
64188pt>
File: Pictures/mat_alumnos_corregidos_EstadisticaIII.png Graphic file (type png
)
<use Pictures/mat_alumnos_corregidos_EstadisticaIII.png>
Package pdftex.def Info: Pictures/mat_alumnos_corregidos_EstadisticaIII.png  us
ed on input line 19.
(pdftex.def)             Requested size: 245.71832pt x 244.51381pt.


LaTeX Warning: `h' float specifier changed to `ht'.

LaTeX Info: Redefining \. on input line 30.
LaTeX Info: Redefining \% on input line 30.
[55 <./Pictures/mat_1_solicitud_Margarita.png>]
<Pictures/mat_alumnos_corregidos_con_Sim_EstadisticaIII.png, id=1137, 365.86688
pt x 305.64188pt>
File: Pictures/mat_alumnos_corregidos_con_Sim_EstadisticaIII.png Graphic file (
type png)
<use Pictures/mat_alumnos_corregidos_con_Sim_EstadisticaIII.png>
Package pdftex.def Info: Pictures/mat_alumnos_corregidos_con_Sim_EstadisticaIII
.png  used on input line 35.
(pdftex.def)             Requested size: 292.6939pt x 244.51381pt.
LaTeX Info: Redefining \. on input line 46.
LaTeX Info: Redefining \% on input line 46.
 [56 <./Pictures/mat_alumnos_corregidos_EstadisticaIII.png> <./Pictures/mat_alu
mnos_corregidos_con_Sim_EstadisticaIII.png>]
<Pictures/mat_demanda_alumnos.png, id=1143, 420.82219pt x 339.51843pt>
File: Pictures/mat_demanda_alumnos.png Graphic file (type png)
<use Pictures/mat_demanda_alumnos.png>
Package pdftex.def Info: Pictures/mat_demanda_alumnos.png  used on input line 5
4.
(pdftex.def)             Requested size: 336.6582pt x 271.6151pt.

Underfull \vbox (badness 10000) has occurred while \output is active []

LaTeX Info: Redefining \. on input line 62.
LaTeX Info: Redefining \% on input line 62.
 [57 <./Pictures/mat_demanda_alumnos.png>]
Overfull \hbox (24.46455pt too wide) in paragraph at lines 69--70
[]\T1/ptm/m/n/12 A con-ti-nua-ción va-mos a ex-pli-car los prin-ci-pa-les pa-rá
-me-tros que re-ci-be la fun-ción [][]\T1/cmtt/m/n/12 normalmixEM()[]\T1/ptm/m/
n/12 .
 []

<Pictures/gmm_alum_ini.pdf, id=1152, 578.16pt x 433.62pt>
File: Pictures/gmm_alum_ini.pdf Graphic file (type pdf)
<use Pictures/gmm_alum_ini.pdf>
Package pdftex.def Info: Pictures/gmm_alum_ini.pdf  used on input line 85.
(pdftex.def)             Requested size: 375.79955pt x 281.84966pt.

LaTeX Warning: `h' float specifier changed to `ht'.

<Pictures/gmm_alum_fin.pdf, id=1155, 578.16pt x 433.62pt>
File: Pictures/gmm_alum_fin.pdf Graphic file (type pdf)
<use Pictures/gmm_alum_fin.pdf>
Package pdftex.def Info: Pictures/gmm_alum_fin.pdf  used on input line 95.
(pdftex.def)             Requested size: 375.79955pt x 281.84966pt.
LaTeX Info: Redefining \. on input line 98.
LaTeX Info: Redefining \% on input line 98.
[58]
Underfull \vbox (badness 10000) has occurred while \output is active []

LaTeX Info: Redefining \. on input line 176.
LaTeX Info: Redefining \% on input line 176.
 [59 <./Pictures/gmm_alum_ini.pdf> <./Pictures/gmm_alum_fin.pdf>]

Package hyperref Warning: Token not allowed in a PDF string (PDFDocEncoding):
(hyperref)                removing `math shift' on input line 178.


Package hyperref Warning: Token not allowed in a PDF string (PDFDocEncoding):
(hyperref)                removing `math shift' on input line 178.


Package hyperref Warning: Token not allowed in a PDF string (PDFDocEncoding):
(hyperref)                removing `math shift' on input line 178.


Package hyperref Warning: Token not allowed in a PDF string (PDFDocEncoding):
(hyperref)                removing `subscript' on input line 178.


Package hyperref Warning: Token not allowed in a PDF string (PDFDocEncoding):
(hyperref)                removing `math shift' on input line 178.

<Pictures/calif3_escala_metodo_A.png, id=1180, 1006.51031pt x 501.37312pt>
File: Pictures/calif3_escala_metodo_A.png Graphic file (type png)
<use Pictures/calif3_escala_metodo_A.png>
Package pdftex.def Info: Pictures/calif3_escala_metodo_A.png  used on input lin
e 212.
(pdftex.def)             Requested size: 443.57848pt x 220.95676pt.

Underfull \vbox (badness 3240) has occurred while \output is active []

LaTeX Info: Redefining \. on input line 215.
LaTeX Info: Redefining \% on input line 215.
 [60]
<Pictures/calif3_metodo_B.png, id=1190, 1005.00468pt x 499.8675pt>
File: Pictures/calif3_metodo_B.png Graphic file (type png)
<use Pictures/calif3_metodo_B.png>
Package pdftex.def Info: Pictures/calif3_metodo_B.png  used on input line 221.
(pdftex.def)             Requested size: 443.57848pt x 220.6212pt.
<Pictures/calif3_metodo_C.png, id=1192, 1006.51031pt x 497.60907pt>
File: Pictures/calif3_metodo_C.png Graphic file (type png)
<use Pictures/calif3_metodo_C.png>
Package pdftex.def Info: Pictures/calif3_metodo_C.png  used on input line 230.
(pdftex.def)             Requested size: 443.57848pt x 219.29793pt.

Underfull \vbox (badness 2865) has occurred while \output is active []

LaTeX Info: Redefining \. on input line 233.
LaTeX Info: Redefining \% on input line 233.
 [61 <./Pictures/calif3_escala_metodo_A.png> <./Pictures/calif3_metodo_B.png>]
<Pictures/calif3_metodo_D.png, id=1198, 1006.51031pt x 499.11469pt>
File: Pictures/calif3_metodo_D.png Graphic file (type png)
<use Pictures/calif3_metodo_D.png>
Package pdftex.def Info: Pictures/calif3_metodo_D.png  used on input line 239.
(pdftex.def)             Requested size: 443.57848pt x 219.96146pt.
<Pictures/heatmap_metodo_B_2.png, id=1201, 631.60968pt x 478.78876pt>
File: Pictures/heatmap_metodo_B_2.png Graphic file (type png)
<use Pictures/heatmap_metodo_B_2.png>
Package pdftex.def Info: Pictures/heatmap_metodo_B_2.png  used on input line 24
8.
(pdftex.def)             Requested size: 315.80406pt x 239.39378pt.
LaTeX Info: Redefining \. on input line 251.
LaTeX Info: Redefining \% on input line 251.
 [62 <./Pictures/calif3_metodo_C.png> <./Pictures/calif3_metodo_D.png>]
<Pictures/heatmap_metodo_C_2.png, id=1206, 632.3625pt x 479.54156pt>
File: Pictures/heatmap_metodo_C_2.png Graphic file (type png)
<use Pictures/heatmap_metodo_C_2.png>
Package pdftex.def Info: Pictures/heatmap_metodo_C_2.png  used on input line 25
4.
(pdftex.def)             Requested size: 316.18048pt x 239.77019pt.
) (Sim_esqueletos.tex
LaTeX Info: Redefining \. on input line 10.
LaTeX Info: Redefining \% on input line 10.
[63 <./Pictures/heatmap_metodo_B_2.png> <./Pictures/heatmap_metodo_C_2.png>]
LaTeX Info: Redefining \. on input line 61.
LaTeX Info: Redefining \% on input line 61.

[64]
<Pictures/hist_wait_esqueleto_inicial.png, id=1235, 968.11688pt x 499.8675pt>
File: Pictures/hist_wait_esqueleto_inicial.png Graphic file (type png)
<use Pictures/hist_wait_esqueleto_inicial.png>
Package pdftex.def Info: Pictures/hist_wait_esqueleto_inicial.png  used on inpu
t line 80.
(pdftex.def)             Requested size: 443.57848pt x 229.03418pt.
LaTeX Info: Redefining \. on input line 98.
LaTeX Info: Redefining \% on input line 98.
 [65 <./Pictures/hist_wait_esqueleto_inicial.png>]
<Pictures/hist_wait_esqueleto_final.png, id=1253, 1005.00468pt x 497.60907pt>
File: Pictures/hist_wait_esqueleto_final.png Graphic file (type png)
<use Pictures/hist_wait_esqueleto_final.png>
Package pdftex.def Info: Pictures/hist_wait_esqueleto_final.png  used on input 
line 117.
(pdftex.def)             Requested size: 443.57848pt x 219.62444pt.
<Pictures/Ej_esqueleto_20202.png, id=1256, 550.30594pt x 342.5297pt>
File: Pictures/Ej_esqueleto_20202.png Graphic file (type png)
<use Pictures/Ej_esqueleto_20202.png>
Package pdftex.def Info: Pictures/Ej_esqueleto_20202.png  used on input line 12
6.
(pdftex.def)             Requested size: 443.57848pt x 276.10953pt.
LaTeX Info: Redefining \. on input line 129.
LaTeX Info: Redefining \% on input line 129.
 [66 <./Pictures/hist_wait_esqueleto_final.png>]))
LaTeX Info: Redefining \. on input line 1149.
LaTeX Info: Redefining \% on input line 1149.
 [67 <./Pictures/Ej_esqueleto_20202.png>]
\openout2 = `Teoria_de_AG_aplicado_a_horarios.aux'.


(Teoria_de_AG_aplicado_a_horarios.tex
LaTeX Info: Redefining \. on input line 1.
LaTeX Info: Redefining \% on input line 1.
 [68



]
Cap\'{\i }tulo 5.
<Pictures/diagrama_flujo_AG.png, id=1276, 411.78844pt x 353.82187pt>
File: Pictures/diagrama_flujo_AG.png Graphic file (type png)
<use Pictures/diagrama_flujo_AG.png>
Package pdftex.def Info: Pictures/diagrama_flujo_AG.png  used on input line 23.

(pdftex.def)             Requested size: 443.57848pt x 381.13933pt.

Underfull \vbox (badness 6078) has occurred while \output is active []

 [69]
LaTeX Info: Redefining \. on input line 43.
LaTeX Info: Redefining \% on input line 43.

[70 <./Pictures/diagrama_flujo_AG.png>]
Overfull \hbox (5.5569pt too wide) in paragraph at lines 79--80
[]\T1/ptm/m/n/12 Los pa-dres se eli-gen con pro-ba-bi-li-dad: $\U/msb/m/n/12 P\
OT1/ztmcm/m/n/12 ([]\OML/ztmcm/m/it/12 i[]\OT1/ztmcm/m/n/12 ) = []$\T1/ptm/m/n/
12 ,
 []

LaTeX Info: Redefining \. on input line 85.
LaTeX Info: Redefining \% on input line 85.
[71]
LaTeX Info: Redefining \. on input line 141.
LaTeX Info: Redefining \% on input line 141.
 [72] (TeoAG_Resultados_de_AG.tex
<Pictures/calif_mejores_hijos.pdf, id=1319, 578.16pt x 433.62pt>
File: Pictures/calif_mejores_hijos.pdf Graphic file (type pdf)
<use Pictures/calif_mejores_hijos.pdf>
Package pdftex.def Info: Pictures/calif_mejores_hijos.pdf  used on input line 1
0.
(pdftex.def)             Requested size: 443.57848pt x 332.68423pt.
<Pictures/calif_asig_x_generacion.pdf, id=1322, 578.16pt x 433.62pt>
File: Pictures/calif_asig_x_generacion.pdf Graphic file (type pdf)
<use Pictures/calif_asig_x_generacion.pdf>
Package pdftex.def Info: Pictures/calif_asig_x_generacion.pdf  used on input li
ne 26.
(pdftex.def)             Requested size: 443.57848pt x 332.68423pt.
LaTeX Info: Redefining \. on input line 29.
LaTeX Info: Redefining \% on input line 29.
 [73 <./Pictures/calif_mejores_hijos.pdf>]
Underfull \hbox (badness 3492) in paragraph at lines 39--39
[]\T1/ptm/m/n/12 Ursula Xio-ma-ra Itu-rra-rán
 []


Underfull \hbox (badness 3492) in paragraph at lines 40--40
[]\T1/ptm/m/n/12 Úrsula Xio-ma-ra Itu-rra-rán
 []


Underfull \hbox (badness 8056) in paragraph at lines 44--44
[]\T1/ptm/m/n/12 Margarita El-vi-ra Chá-vez
 []


Underfull \hbox (badness 8056) in paragraph at lines 46--46
[]\T1/ptm/m/n/12 Margarita El-vi-ra Chá-vez
 []

))
Underfull \vbox (badness 10000) has occurred while \output is active []

LaTeX Info: Redefining \. on input line 1151.
LaTeX Info: Redefining \% on input line 1151.
 [74 <./Pictures/calif_asig_x_generacion.pdf>]
LaTeX Info: Redefining \. on input line 1151.
LaTeX Info: Redefining \% on input line 1151.
 [75]
\openout2 = `Conclusiones.aux'.

 (Conclusiones.tex
LaTeX Info: Redefining \. on input line 1.
LaTeX Info: Redefining \% on input line 1.
 [76



]
Cap\'{\i }tulo 6.

Overfull \hbox (43.63466pt too wide) in paragraph at lines 35--36
[][]$\T1/cmtt/m/n/12 https : / / psicologia . iztacala . unam . mx / avisos2020
 / horarios21 _ 1 / 21-[]1 _ 3-[]TERCER %
 []


Overfull \hbox (43.63466pt too wide) in paragraph at lines 37--38
[][]$\T1/cmtt/m/n/12 https : / / psicologia . iztacala . unam . mx / avisos2020
 / horarios21 _ 1 / 21-[]1 _ 5-[]QUINTO %
 []

[77]
Overfull \hbox (44.63466pt too wide) in paragraph at lines 41--42
[][]$\T1/cmtt/m/n/12 https : / / nanolic . cnyn . unam . mx / sitio / wp-[]cont
ent / uploads / 2020 / 09 / H-[]1A-[]2021-[]1 .
 []


Overfull \hbox (44.63466pt too wide) in paragraph at lines 43--44
[][]$\T1/cmtt/m/n/12 https : / / nanolic . cnyn . unam . mx / sitio / wp-[]cont
ent / uploads / 2020 / 09 / H-[]1B-[]2021-[]1 .
 []


Overfull \hbox (44.63466pt too wide) in paragraph at lines 45--46
[][]$\T1/cmtt/m/n/12 https : / / nanolic . cnyn . unam . mx / sitio / wp-[]cont
ent / uploads / 2020 / 09 / H-[]3A-[]2021-[]1 .
 []


Overfull \hbox (5.5937pt too wide) in paragraph at lines 75--76
[][]$\T1/cmtt/m/n/12 http : / / escolar1 . rhon . itam . mx / licenciaturas / h
orarios / seleccion _ 03 . asp$[] 
 []


Overfull \hbox (11.7672pt too wide) in paragraph at lines 77--78
[][]$\T1/cmtt/m/n/12 http : / / escolar1 . rhon . itam . mx / licenciaturas / h
orarios / pormateria _ 03 . asp$[] 
 []

<Pictures/ITAM_Proba_I.png, id=1373, 1025.33063pt x 313.17pt>
File: Pictures/ITAM_Proba_I.png Graphic file (type png)
<use Pictures/ITAM_Proba_I.png>
Package pdftex.def Info: Pictures/ITAM_Proba_I.png  used on input line 81.
(pdftex.def)             Requested size: 461.39452pt x 140.92519pt.

Overfull \hbox (17.81604pt too wide) in paragraph at lines 81--83
 [][] 
 []

LaTeX Info: Redefining \. on input line 88.
LaTeX Info: Redefining \% on input line 88.
[78 <./Pictures/ITAM_Proba_I.png>]
Overfull \hbox (25.11418pt too wide) in paragraph at lines 89--90
[][]$\T1/cmtt/m/n/12 https : / / cienciasquimicas . lasalle . mx / wp-[]content
 / uploads / 2020 / 08 / QFB-[]291 .
 []


Overfull \hbox (25.11418pt too wide) in paragraph at lines 91--92
[][]$\T1/cmtt/m/n/12 https : / / cienciasquimicas . lasalle . mx / wp-[]content
 / uploads / 2020 / 08 / QFB-[]391 .
 []


Overfull \hbox (25.11418pt too wide) in paragraph at lines 93--94
[][]$\T1/cmtt/m/n/12 https : / / cienciasquimicas . lasalle . mx / wp-[]content
 / uploads / 2020 / 08 / QFB-[]991 .
 []


Overfull \hbox (36.46117pt too wide) in paragraph at lines 98--99
[][]$\T1/cmtt/m/n/12 https : / / www . up . edu . mx / sites / default / files 
/ fechas _ de _ examenes _ humanidades _
 []

) [79]
\openout2 = `Apendices.aux'.

 (Apendices.tex
LaTeX Info: Redefining \. on input line 2.
LaTeX Info: Redefining \% on input line 2.
 [80



]
Ap\'{e}ndice A.
[81]
LaTeX Info: Redefining \. on input line 76.
LaTeX Info: Redefining \% on input line 76.
 [82] [83]
Overfull \hbox (8.09502pt too wide) in paragraph at lines 111--112
\T1/ptm/b/n/12 tacio-na-les \T1/ptm/m/n/12 (312) -> Sis-te-mas Di-ná-mi-cos Com
pu-tacio-na-les I (276) -> Lin-güís-ti-ca Compu-
 []

LaTeX Info: Redefining \. on input line 131.
LaTeX Info: Redefining \% on input line 131.
[84]
Ap\'{e}ndice B.

Underfull \vbox (badness 10000) has occurred while \output is active []

 [85

]
LaTeX Info: Redefining \. on input line 166.
LaTeX Info: Redefining \% on input line 166.

[86]
Ap\'{e}ndice C.
[87

]
LaTeX Info: Redefining \. on input line 202.
LaTeX Info: Redefining \% on input line 202.
 [88

]
Ap\'{e}ndice D.

Underfull \hbox (badness 10000) in paragraph at lines 207--207
[]|\T1/ptm/m/n/12 Gustavo Amil-car Sal-da-ña
 []


Underfull \hbox (badness 1635) in paragraph at lines 207--207
[]|\T1/ptm/m/n/12 José Pa-tri-cio Sán-chez Her-
 []


Underfull \hbox (badness 10000) in paragraph at lines 207--207
[]|\T1/ptm/m/n/12 Gustavo Amil-car Sal-da-ña
 []


Underfull \hbox (badness 3568) in paragraph at lines 207--207
[]|\T1/ptm/m/n/12 Guillermo Ja-vier Fran-cis-co
 []


Underfull \hbox (badness 1152) in paragraph at lines 207--207
[]|\T1/ptm/m/n/12 José Ga-briel Ocam-po Már-
 []


Underfull \hbox (badness 10000) in paragraph at lines 207--207
[]|\T1/ptm/m/n/12 Carmen Martínez-Adame
 []

[89]
Underfull \hbox (badness 10000) in paragraph at lines 207--207
[]|\T1/ptm/m/n/12 Carmen Mar-tí-nez Ada-me
 []


Underfull \hbox (badness 10000) in paragraph at lines 207--207
[]|\T1/ptm/m/n/12 Carmen Mar-tí-nez Ada-me
 []


Underfull \hbox (badness 10000) in paragraph at lines 207--207
[]|\T1/ptm/m/n/12 Mauricio Ga-briel Me-di-na
 []

LaTeX Info: Redefining \. on input line 207.
LaTeX Info: Redefining \% on input line 207.
[90]
Underfull \hbox (badness 10000) in paragraph at lines 207--207
[]|\T1/ptm/m/n/12 Roxana Wen-do-li-ne Ruiz
 []


Underfull \hbox (badness 10000) in paragraph at lines 207--207
[]|\T1/ptm/m/n/12 Julián Fer-nan-do Cha-go-ya
 []


Underfull \hbox (badness 10000) in paragraph at lines 207--207
[]|\T1/ptm/m/n/12 Manuel Eduar-do Cha-cón
 []


Underfull \hbox (badness 1226) in paragraph at lines 207--207
[]|\T1/ptm/m/n/12 Esteban Li-bra-do Her-nán-dez
 []

[91]
Underfull \hbox (badness 8151) in paragraph at lines 207--207
[]|\T1/ptm/m/n/12 Humberto An-drés Ca-rri-llo
 []

LaTeX Info: Redefining \. on input line 207.
LaTeX Info: Redefining \% on input line 207.
[92]
Underfull \hbox (badness 10000) in paragraph at lines 207--207
[]|\T1/ptm/m/n/12 Claudio Fran-cis-co Neb-bia
 []


Underfull \hbox (badness 10000) in paragraph at lines 207--207
[]|\T1/ptm/m/n/12 Mario Fran-cis-co Ro-sa-les
 []


Underfull \hbox (badness 1484) in paragraph at lines 207--207
[]|\T1/ptm/m/n/12 José Ru-bén Fer-nán-dez Ro-
 []

[93]
Underfull \hbox (badness 10000) in paragraph at lines 207--207
[]|\T1/ptm/m/n/12 Roxana Wen-do-li-ne Ruiz
 []


Underfull \hbox (badness 6268) in paragraph at lines 207--207
[]|\T1/ptm/m/n/12 Blanca An-gé-li-ca Gón-za-lez
 []


Underfull \hbox (badness 8151) in paragraph at lines 207--207
[]|\T1/ptm/m/n/12 Humberto An-drés Ca-rri-llo
 []

LaTeX Info: Redefining \. on input line 207.
LaTeX Info: Redefining \% on input line 207.
[94]
Underfull \hbox (badness 7851) in paragraph at lines 207--207
[]|\T1/ptm/m/n/12 Ramón Gus-ta-vo Con-tre-ras
 []

[95]
Underfull \hbox (badness 7851) in paragraph at lines 207--207
[]|\T1/ptm/m/n/12 Ramón Gus-ta-vo Con-tre-ras
 []


Underfull \hbox (badness 3568) in paragraph at lines 207--207
[]|\T1/ptm/m/n/12 Guillermo Ja-vier Fran-cis-co
 []

LaTeX Info: Redefining \. on input line 207.
LaTeX Info: Redefining \% on input line 207.
[96]
Underfull \hbox (badness 1226) in paragraph at lines 207--207
[]|\T1/ptm/m/n/12 Esteban Li-bra-do Her-nán-dez
 []


Underfull \hbox (badness 10000) in paragraph at lines 207--207
[]|\T1/ptm/m/n/12 María Gua-da-lu-pe Lu-cio
 []


Underfull \hbox (badness 10000) in paragraph at lines 207--207
[]|\T1/ptm/m/n/12 Carlos Er-win Ro-drí-guez
 []


Underfull \hbox (badness 10000) in paragraph at lines 207--207
[]|\T1/ptm/m/n/12 Miguel Ar-tu-ro Ba-lles-te-ros
 []

[97]
Underfull \hbox (badness 1152) in paragraph at lines 207--207
[]|\T1/ptm/m/n/12 José Ga-briel Ocam-po Már-
 []

LaTeX Info: Redefining \. on input line 207.
LaTeX Info: Redefining \% on input line 207.
[98]
Underfull \hbox (badness 10000) in paragraph at lines 207--207
[]|\T1/ptm/m/n/12 Araceli Eu-ge-nia Mer-ca-do
 []

[99]
Underfull \hbox (badness 1902) in paragraph at lines 207--207
[]|\T1/ptm/m/n/12 Pedro Eduar-do Mi-ra-mon-tes
 []


Underfull \hbox (badness 10000) in paragraph at lines 207--207
[]|\T1/ptm/m/n/12 Daniel Cas-ti-llo Ro-drí-guez
 []


Underfull \hbox (badness 10000) in paragraph at lines 207--207
[]|\T1/ptm/m/n/12 Mariana So-le-dad Cen-teno
 []

LaTeX Info: Redefining \. on input line 207.
LaTeX Info: Redefining \% on input line 207.
[100]
Underfull \hbox (badness 10000) in paragraph at lines 207--207
[]|\T1/ptm/m/n/12 Roberto Ale-jan-dro Rue-las
 []


Underfull \hbox (badness 10000) in paragraph at lines 207--207
[]|\T1/ptm/m/n/12 Manuel Ge-rar-do Quin-ta-na
 []

[101]
Underfull \hbox (badness 1540) in paragraph at lines 207--207
[]|\T1/ptm/m/n/12 Leticia Gua-da-lu-pe Cien-fue-
 []


Underfull \hbox (badness 10000) in paragraph at lines 207--207
[]|\T1/ptm/m/n/12 Margarita El-vi-ra Chá-vez
 []


Underfull \hbox (badness 10000) in paragraph at lines 207--207
[]|\T1/ptm/m/n/12 Margarita El-vi-ra Chá-vez
 []

LaTeX Info: Redefining \. on input line 207.
LaTeX Info: Redefining \% on input line 207.
[102] [103]
Underfull \hbox (badness 10000) in paragraph at lines 207--207
[]|\T1/ptm/m/n/12 Francisco Da-niel Ra-mí-rez
 []


Underfull \hbox (badness 3209) in paragraph at lines 207--207
[]|\T1/ptm/m/n/12 Adrián Gon-zá-lez Ca-sa-no-va
 []


Underfull \hbox (badness 10000) in paragraph at lines 207--207
[]|\T1/ptm/m/n/12 Daniel An-to-nio Már-quez
 []

LaTeX Info: Redefining \. on input line 207.
LaTeX Info: Redefining \% on input line 207.
[104]
Underfull \hbox (badness 7595) in paragraph at lines 207--207
[]|\T1/ptm/m/n/12 Mariano Cher-ni-coff Mins-
 []


Underfull \hbox (badness 1221) in paragraph at lines 207--207
[]|\T1/ptm/m/n/12 Gustavo En-ri-que Gar-cía de
 []


Underfull \hbox (badness 10000) in paragraph at lines 207--207
[]|\T1/ptm/m/n/12 Mónica Ali-cia Clapp
 []

[105]
Underfull \hbox (badness 10000) in paragraph at lines 207--207
[]|\T1/ptm/m/n/12 Enrique Gui-ller-mo Ba-zúa
 []


Underfull \hbox (badness 3209) in paragraph at lines 207--207
[]|\T1/ptm/m/n/12 Adrián Gon-zá-lez Ca-sa-no-va
 []


Underfull \hbox (badness 2103) in paragraph at lines 207--207
[]|\T1/ptm/m/n/12 Pedro Jo-sé So-bre-vi-lla Mo-
 []


Underfull \hbox (badness 10000) in paragraph at lines 207--207
[]|\T1/ptm/m/n/12 Carmen Martínez-Adame
 []


Underfull \hbox (badness 4084) in paragraph at lines 207--207
[]|\T1/ptm/m/n/12 Francisco de Je-sús Struck
 []


Underfull \hbox (badness 1533) in paragraph at lines 207--207
[]|\T1/ptm/m/n/12 José Ra-fael Mar-tí-nez En-rí-
 []


Underfull \hbox (badness 10000) in paragraph at lines 207--207
[]|\T1/ptm/m/n/12 Mario Fran-cis-co Ro-sa-les
 []


Underfull \hbox (badness 1077) in paragraph at lines 207--207
[]|\T1/ptm/m/n/12 Elhoim Llo-ren-te Su-mano y
 []

LaTeX Info: Redefining \. on input line 207.
LaTeX Info: Redefining \% on input line 207.
[106]
Underfull \hbox (badness 10000) in paragraph at lines 207--207
[]|\T1/ptm/m/n/12 Jesús Ma-nuel Ma-yor-quín
 []


Underfull \hbox (badness 10000) in paragraph at lines 207--207
[]|\T1/ptm/m/n/12 Héctor Fi-den-cio Sán-chez
 []

[107]
LaTeX Info: Redefining \. on input line 211.
LaTeX Info: Redefining \% on input line 211.
 [108]
Ap\'{e}ndice E.
[109

]
Overfull \hbox (20.09703pt too wide) in paragraph at lines 253--254
\T1/ptm/m/n/12 ma-tri-ces ti-po \T1/ptm/m/it/12 m_definición \T1/ptm/m/n/12 pa-
ra po-der sa-car in-for-ma-ción de \T1/ptm/m/it/12 m_grande \T1/ptm/m/n/12 o de
 \T1/ptm/m/it/12 m_grande_total\T1/ptm/m/n/12 . 
 []

<Pictures/clases_de_ingles.png, id=1542, 423.83344pt x 268.00125pt>
File: Pictures/clases_de_ingles.png Graphic file (type png)
<use Pictures/clases_de_ingles.png>
Package pdftex.def Info: Pictures/clases_de_ingles.png  used on input line 297.

(pdftex.def)             Requested size: 275.48845pt x 174.19873pt.
LaTeX Info: Redefining \. on input line 304.
LaTeX Info: Redefining \% on input line 304.
[110 <./Pictures/clases_de_ingles.png>]
Overfull \hbox (1.92279pt too wide) in paragraph at lines 319--320
[]$[] [] [] []$ 
 []


Underfull \hbox (badness 10000) in paragraph at lines 319--320

 []

[111]
<Pictures/Ej_horarios_20211.png, id=1581, 569.12625pt x 402.75468pt>
File: Pictures/Ej_horarios_20211.png Graphic file (type png)
<use Pictures/Ej_horarios_20211.png>
Package pdftex.def Info: Pictures/Ej_horarios_20211.png  used on input line 360
.
(pdftex.def)             Requested size: 256.10445pt x 181.23793pt.
<Pictures/Notas_T26.jpeg, id=1582, 867.24pt x 510.40688pt>
File: Pictures/Notas_T26.jpeg Graphic file (type jpg)
<use Pictures/Notas_T26.jpeg>
Package pdftex.def Info: Pictures/Notas_T26.jpeg  used on input line 368.
(pdftex.def)             Requested size: 346.88986pt x 204.15913pt.

Underfull \vbox (badness 6842) has occurred while \output is active []

LaTeX Info: Redefining \. on input line 371.
LaTeX Info: Redefining \% on input line 371.
 [112 <./Pictures/Ej_horarios_20211.png>]
<Pictures/Ej_Roxygen.png, id=1603, 222.8325pt x 153.57375pt>
File: Pictures/Ej_Roxygen.png Graphic file (type png)
<use Pictures/Ej_Roxygen.png>
Package pdftex.def Info: Pictures/Ej_Roxygen.png  used on input line 385.
(pdftex.def)             Requested size: 222.83195pt x 153.57336pt.
 [113 <./Pictures/Notas_T26.jpeg> <./Pictures/Ej_Roxygen.png>]
<Pictures/Ej_varianza.jpeg, id=1617, 1284.8pt x 722.7pt>
File: Pictures/Ej_varianza.jpeg Graphic file (type jpg)
<use Pictures/Ej_varianza.jpeg>
Package pdftex.def Info: Pictures/Ej_varianza.jpeg  used on input line 414.
(pdftex.def)             Requested size: 385.44298pt x 216.81166pt.

Overfull \hbox (159.53743pt too wide) in paragraph at lines 420--421
[]\T1/ptm/m/n/12 Guardar fi-gu-ras he-chas en R con el co-man-do: \T1/ptm/m/it/
12 dev.print(pdf, ``Fi-gu-re-s/-Fig_Examples_of_GB_distributions.pdf'',width=8,

 []

LaTeX Info: Redefining \. on input line 424.
LaTeX Info: Redefining \% on input line 424.
[114 <./Pictures/Ej_varianza.jpeg>]
<Pictures/clausula99_CCTPA.png, id=1632, 379.4175pt x 124.21407pt>
File: Pictures/clausula99_CCTPA.png Graphic file (type png)
<use Pictures/clausula99_CCTPA.png>
Package pdftex.def Info: Pictures/clausula99_CCTPA.png  used on input line 432.

(pdftex.def)             Requested size: 303.53441pt x 99.37137pt.
 [115 <./Pictures/clausula99_CCTPA.png>]
Overfull \hbox (41.87955pt too wide) in paragraph at lines 467--468
[]\T1/ptm/m/n/12 Los co-man-dos [][]\T1/cmtt/m/n/12 \subsecname{\ref{nom_subsec
cion}}[]\T1/ptm/m/n/12 , [] []\T1/cmtt/m/n/12 \secname{\ref{nom_seccion}}[]\T1/
ptm/m/n/12 ,
 []


Overfull \hbox (40.84773pt too wide) in paragraph at lines 467--468
[] []\T1/cmtt/m/n/12 \subsectionname{\ref{nom_subseccion}} []\T1/ptm/m/n/12 y [
][]\T1/cmtt/m/n/12 \subsectionname{\ref{nom_seccion}}
 []

<Pictures/planes_de_estudio.png, id=1659, 268.75406pt x 198.7425pt>
File: Pictures/planes_de_estudio.png Graphic file (type png)
<use Pictures/planes_de_estudio.png>
Package pdftex.def Info: Pictures/planes_de_estudio.png  used on input line 479
.
(pdftex.def)             Requested size: 268.7534pt x 198.742pt.

Overfull \hbox (1.35454pt too wide) in paragraph at lines 485--486
[]\T1/ptm/m/n/12 En el mo-de-lo de mez-cla de Nor-ma-les te-ne-mos el co-man-do
 [][]\T1/cmtt/m/n/12 plot(mixmdl,which = 2)[]\T1/ptm/m/n/12 ,
 []


Overfull \hbox (8.0937pt too wide) in paragraph at lines 485--486
\T1/cmtt/m/n/12 stackoverflow . com / questions / 29044055 / plot-[]which-[]par
ameter-[]where-[]in-[]r$[] 
 []

<Pictures/which_in_plot.png, id=1661, 338.76563pt x 222.07968pt>
File: Pictures/which_in_plot.png Graphic file (type png)
<use Pictures/which_in_plot.png>
Package pdftex.def Info: Pictures/which_in_plot.png  used on input line 489.
(pdftex.def)             Requested size: 338.76479pt x 222.07913pt.

Underfull \vbox (badness 10000) has occurred while \output is active []

LaTeX Info: Redefining \. on input line 492.
LaTeX Info: Redefining \% on input line 492.
 [116 <./Pictures/planes_de_estudio.png>]
Overfull \hbox (40.53677pt too wide) in paragraph at lines 497--498
[]\T1/ptm/m/n/12 Otro: []$\T1/cmtt/m/n/12 http : / / iesbinef . educa . aragon 
. es / lengua / ortografia / reglas / reglama .
 []

<Pictures/skill_vs_challenge_level.png, id=1681, 471.26062pt x 469.00218pt>
File: Pictures/skill_vs_challenge_level.png Graphic file (type png)
<use Pictures/skill_vs_challenge_level.png>
Package pdftex.def Info: Pictures/skill_vs_challenge_level.png  used on input l
ine 517.
(pdftex.def)             Requested size: 306.31578pt x 304.84781pt.

Underfull \vbox (badness 10000) has occurred while \output is active []

 [117 <./Pictures/which_in_plot.png>]
LaTeX Info: Redefining \. on input line 551.
LaTeX Info: Redefining \% on input line 551.
 [118 <./Pictures/skill_vs_challenge_level.png>])
[119]
LaTeX Info: Redefining \. on input line 1163.
LaTeX Info: Redefining \% on input line 1163.
 [120


] [121]
Package atveryend Info: Empty hook `BeforeClearDocument' on input line 1262.
LaTeX Info: Redefining \. on input line 1262.
LaTeX Info: Redefining \% on input line 1262.
 [122]
Package atveryend Info: Empty hook `AfterLastShipout' on input line 1262.
 (main.aux
LaTeX Info: Redefining \. on input line 21.
LaTeX Info: Redefining \% on input line 21.
 (Introduccion.aux) (Extraccion_de_datos.aux)
(Analisis_estadistico.aux) (Simulacion.aux)
(Teoria_de_AG_aplicado_a_horarios.aux) (Conclusiones.aux) (Apendices.aux))
Package atveryend Info: Executing hook `AtVeryEndDocument' on input line 1262.
Package atveryend Info: Executing hook `AtEndAfterFileList' on input line 1262.

Package rerunfilecheck Info: File `main.out' has not changed.
(rerunfilecheck)             Checksum: 2F35362F9AD328D84297C67E4A400625;3841.
 ) 
Here is how much of TeX's memory you used:
 15040 strings out of 481556
 237980 string characters out of 2913870
 628109 words of memory out of 3000000
 29328 multiletter control sequences out of 15000+200000
 616772 words of font info for 138 fonts, out of 3000000 for 9000
 1141 hyphenation exceptions out of 8191
 39i,13n,45p,1007b,2082s stack positions out of 5000i,500n,10000p,200000b,50000s
{C:/Users/miri_/AppData/Local/Programs/MiKTeX 2.9/fonts/enc/dvips/base/8r.enc
} <C:\Users\miri_\AppData\Local\MiKTeX\2.9\fonts/pk/ljfour/jknappen/ec/dpi600\e
ctt1200.pk><C:/Users/miri_/AppData/Local/Programs/MiKTeX 2.9/fonts/type1/public
/amsfonts/cm/cmex10.pfb><C:/Users/miri_/AppData/Local/Programs/MiKTeX 2.9/fonts
/type1/public/amsfonts/cm/cmmi10.pfb><C:/Users/miri_/AppData/Local/Programs/MiK
TeX 2.9/fonts/type1/public/amsfonts/cm/cmr10.pfb><C:/Users/miri_/AppData/Local/
Programs/MiKTeX 2.9/fonts/type1/public/amsfonts/cm/cmsy10.pfb><C:/Users/miri_/A
ppData/Local/Programs/MiKTeX 2.9/fonts/type1/public/amsfonts/symbols/msam10.pfb
><C:/Users/miri_/AppData/Local/Programs/MiKTeX 2.9/fonts/type1/public/amsfonts/
symbols/msbm10.pfb><C:/Users/miri_/AppData/Local/Programs/MiKTeX 2.9/fonts/type
1/public/rsfs/rsfs10.pfb><C:/Users/miri_/AppData/Local/Programs/MiKTeX 2.9/font
s/type1/urw/symbol/usyr.pfb><C:/Users/miri_/AppData/Local/Programs/MiKTeX 2.9/f
onts/type1/urw/symbol/usyr.pfb><C:/Users/miri_/AppData/Local/Programs/MiKTeX 2.
9/fonts/type1/urw/times/utmb8a.pfb><C:/Users/miri_/AppData/Local/Programs/MiKTe
X 2.9/fonts/type1/urw/times/utmbi8a.pfb><C:/Users/miri_/AppData/Local/Programs/
MiKTeX 2.9/fonts/type1/urw/times/utmr8a.pfb><C:/Users/miri_/AppData/Local/Progr
ams/MiKTeX 2.9/fonts/type1/urw/times/utmr8a.pfb><C:/Users/miri_/AppData/Local/P
rograms/MiKTeX 2.9/fonts/type1/urw/times/utmri8a.pfb>
Output written on main.pdf (137 pages, 4272971 bytes).
PDF statistics:
 2001 PDF objects out of 2073 (max. 8388607)
 532 named destinations out of 1000 (max. 500000)
 826 words of extra memory for PDF output out of 10000 (max. 10000000)

